#
# There is insufficient memory for the Java Runtime Environment to continue.
# Native memory allocation (malloc) failed to allocate 2089136 bytes for Chunk::new
# Possible reasons:
#   The system is out of physical RAM or swap space
#   The process is running with CompressedOops enabled, and the Java Heap may be blocking the growth of the native heap
# Possible solutions:
#   Reduce memory load on the system
#   Increase physical memory or swap space
#   Check if swap backing store is full
#   Decrease Java heap size (-Xmx/-Xms)
#   Decrease number of Java threads
#   Decrease Java thread stack sizes (-Xss)
#   Set larger code cache with -XX:ReservedCodeCacheSize=
#   JVM is running with Unscaled Compressed Oops mode in which the Java heap is
#     placed in the first 4GB address space. The Java Heap base address is the
#     maximum limit for the native heap growth. Please use -XX:HeapBaseMinAddress
#     to set the Java Heap base and to place the Java Heap above 4GB virtual address.
# This output file may be truncated or incomplete.
#
#  Out of Memory Error (allocation.cpp:389), pid=9420, tid=0x00000000000058d0
#
# JRE version: Java(TM) SE Runtime Environment (8.0_221-b11) (build 1.8.0_221-b11)
# Java VM: Java HotSpot(TM) 64-Bit Server VM (25.221-b11 mixed mode windows-amd64 compressed oops)
# Failed to write core dump. Minidumps are not enabled by default on client versions of Windows
#

---------------  T H R E A D  ---------------

Current thread (0x00000000179e2000):  JavaThread "C2 CompilerThread0" daemon [_thread_in_native, id=22736, stack(0x0000000019440000,0x0000000019540000)]

Stack: [0x0000000019440000,0x0000000019540000]
[error occurred during error reporting (printing stack bounds), id 0xc0000005]

Native frames: (J=compiled Java code, j=interpreted, Vv=VM code, C=native code)


Current CompileTask:
C2:  18205 3842       4       java.net.URLClassLoader$1::run (5 bytes)


---------------  P R O C E S S  ---------------

Java Threads: ( => current thread )
  0x0000000018ebe800 JavaThread "Service Thread" daemon [_thread_blocked, id=19176, stack(0x0000000019740000,0x0000000019840000)]
  0x00000000179ee000 JavaThread "C1 CompilerThread2" daemon [_thread_blocked, id=2380, stack(0x0000000019640000,0x0000000019740000)]
  0x00000000179eb000 JavaThread "C2 CompilerThread1" daemon [_thread_in_native, id=3732, stack(0x0000000019540000,0x0000000019640000)]
=>0x00000000179e2000 JavaThread "C2 CompilerThread0" daemon [_thread_in_native, id=22736, stack(0x0000000019440000,0x0000000019540000)]
  0x0000000018e82800 JavaThread "Attach Listener" daemon [_thread_blocked, id=22832, stack(0x0000000019340000,0x0000000019440000)]
  0x00000000179ca000 JavaThread "Signal Dispatcher" daemon [_thread_blocked, id=16228, stack(0x0000000019240000,0x0000000019340000)]
  0x0000000002dae000 JavaThread "Finalizer" daemon [_thread_blocked, id=3596, stack(0x0000000018c20000,0x0000000018d20000)]
  0x00000000179ba000 JavaThread "Reference Handler" daemon [_thread_blocked, id=840, stack(0x0000000018b20000,0x0000000018c20000)]
  0x0000000002cb3000 JavaThread "main" [_thread_in_Java, id=12316, stack(0x0000000002840000,0x0000000002940000)]

Other Threads:
  0x0000000017999000 VMThread [stack: 0x0000000018a20000,0x0000000018b20000] [id=21996]
  0x0000000018ec0800 WatcherThread [stack: 0x0000000019840000,0x0000000019940000] [id=20920]

VM state:not at safepoint (normal execution)

VM Mutex/Monitor currently owned by a thread: None

heap address: 0x0000000081600000, size: 2026 MB, Compressed Oops mode: 32-bit
Narrow klass base: 0x0000000000000000, Narrow klass shift: 3
Compressed class space size: 1073741824 Address: 0x0000000100000000

Heap:
 PSYoungGen      total 138240K, used 116233K [0x00000000d5d00000, 0x00000000de900000, 0x0000000100000000)
  eden space 133120K, 83% used [0x00000000d5d00000,0x00000000dc985190,0x00000000ddf00000)
  from space 5120K, 99% used [0x00000000de400000,0x00000000de8fd610,0x00000000de900000)
  to   space 5120K, 0% used [0x00000000ddf00000,0x00000000ddf00000,0x00000000de400000)
 ParOldGen       total 87552K, used 15490K [0x0000000081600000, 0x0000000086b80000, 0x00000000d5d00000)
  object space 87552K, 17% used [0x0000000081600000,0x00000000825209b0,0x0000000086b80000)
 Metaspace       used 19174K, capacity 19846K, committed 20096K, reserved 1067008K
  class space    used 2201K, capacity 2391K, committed 2432K, reserved 1048576K

Card table byte_map: [0x0000000012230000,0x0000000012630000] byte_map_base: 0x0000000011e25000

Marking Bits: (ParMarkBitMap*) 0x00000000774e5ce0
 Begin Bits: [0x0000000012ce0000, 0x0000000014c88000)
 End Bits:   [0x0000000014c88000, 0x0000000016c30000)

Polling page: 0x0000000002940000

CodeCache: size=245760Kb used=13963Kb max_used=13963Kb free=231796Kb
 bounds [0x0000000002e70000, 0x0000000003c20000, 0x0000000011e70000]
 total_blobs=4204 nmethods=3828 adapters=288
 compilation: enabled

Compilation events (10 events):
Event: 17.862 Thread 0x00000000179ee000 3855       3       java.lang.ProcessEnvironment$CheckedEntry::getKey (5 bytes)
Event: 17.862 Thread 0x00000000179ee000 nmethod 3855 0x0000000003c155d0 code [0x0000000003c15740, 0x0000000003c15aa8]
Event: 17.862 Thread 0x00000000179ee000 3856       3       java.lang.ProcessEnvironment$EntryComparator::compare (13 bytes)
Event: 17.863 Thread 0x00000000179ee000 nmethod 3856 0x0000000003c15bd0 code [0x0000000003c15da0, 0x0000000003c16648]
Event: 17.863 Thread 0x00000000179ee000 3857       3       java.lang.ProcessEnvironment$CheckedEntry::getValue (5 bytes)
Event: 17.863 Thread 0x00000000179ee000 nmethod 3857 0x0000000003c168d0 code [0x0000000003c16a40, 0x0000000003c16da8]
Event: 17.876 Thread 0x00000000179ee000 3859       3       jdk.internal.org.objectweb.asm.Frame::pop (53 bytes)
Event: 17.877 Thread 0x00000000179ee000 nmethod 3859 0x0000000003c16ed0 code [0x0000000003c170a0, 0x0000000003c175e8]
Event: 17.878 Thread 0x00000000179ee000 3860       3       java.lang.invoke.MethodType::toMethodDescriptorString (21 bytes)
Event: 17.880 Thread 0x00000000179ee000 nmethod 3860 0x0000000003c17850 code [0x0000000003c17a60, 0x0000000003c18558]

GC Heap History (8 events):
Event: 2.201 GC heap before
{Heap before GC invocations=1 (full 0):
 PSYoungGen      total 38400K, used 33280K [0x00000000d5d00000, 0x00000000d8780000, 0x0000000100000000)
  eden space 33280K, 100% used [0x00000000d5d00000,0x00000000d7d80000,0x00000000d7d80000)
  from space 5120K, 0% used [0x00000000d8280000,0x00000000d8280000,0x00000000d8780000)
  to   space 5120K, 0% used [0x00000000d7d80000,0x00000000d7d80000,0x00000000d8280000)
 ParOldGen       total 87552K, used 0K [0x0000000081600000, 0x0000000086b80000, 0x00000000d5d00000)
  object space 87552K, 0% used [0x0000000081600000,0x0000000081600000,0x0000000086b80000)
 Metaspace       used 8060K, capacity 8264K, committed 8576K, reserved 1056768K
  class space    used 982K, capacity 1052K, committed 1152K, reserved 1048576K
Event: 2.233 GC heap after
Heap after GC invocations=1 (full 0):
 PSYoungGen      total 38400K, used 5093K [0x00000000d5d00000, 0x00000000da800000, 0x0000000100000000)
  eden space 33280K, 0% used [0x00000000d5d00000,0x00000000d5d00000,0x00000000d7d80000)
  from space 5120K, 99% used [0x00000000d7d80000,0x00000000d82797b8,0x00000000d8280000)
  to   space 5120K, 0% used [0x00000000da300000,0x00000000da300000,0x00000000da800000)
 ParOldGen       total 87552K, used 64K [0x0000000081600000, 0x0000000086b80000, 0x00000000d5d00000)
  object space 87552K, 0% used [0x0000000081600000,0x00000000816102b8,0x0000000086b80000)
 Metaspace       used 8060K, capacity 8264K, committed 8576K, reserved 1056768K
  class space    used 982K, capacity 1052K, committed 1152K, reserved 1048576K
}
Event: 4.020 GC heap before
{Heap before GC invocations=2 (full 0):
 PSYoungGen      total 38400K, used 38373K [0x00000000d5d00000, 0x00000000da800000, 0x0000000100000000)
  eden space 33280K, 100% used [0x00000000d5d00000,0x00000000d7d80000,0x00000000d7d80000)
  from space 5120K, 99% used [0x00000000d7d80000,0x00000000d82797b8,0x00000000d8280000)
  to   space 5120K, 0% used [0x00000000da300000,0x00000000da300000,0x00000000da800000)
 ParOldGen       total 87552K, used 64K [0x0000000081600000, 0x0000000086b80000, 0x00000000d5d00000)
  object space 87552K, 0% used [0x0000000081600000,0x00000000816102b8,0x0000000086b80000)
 Metaspace       used 11443K, capacity 11668K, committed 11776K, reserved 1058816K
  class space    used 1408K, capacity 1480K, committed 1536K, reserved 1048576K
Event: 4.051 GC heap after
Heap after GC invocations=2 (full 0):
 PSYoungGen      total 71680K, used 5096K [0x00000000d5d00000, 0x00000000da800000, 0x0000000100000000)
  eden space 66560K, 0% used [0x00000000d5d00000,0x00000000d5d00000,0x00000000d9e00000)
  from space 5120K, 99% used [0x00000000da300000,0x00000000da7fa1b0,0x00000000da800000)
  to   space 5120K, 0% used [0x00000000d9e00000,0x00000000d9e00000,0x00000000da300000)
 ParOldGen       total 87552K, used 1773K [0x0000000081600000, 0x0000000086b80000, 0x00000000d5d00000)
  object space 87552K, 2% used [0x0000000081600000,0x00000000817bb7b8,0x0000000086b80000)
 Metaspace       used 11443K, capacity 11668K, committed 11776K, reserved 1058816K
  class space    used 1408K, capacity 1480K, committed 1536K, reserved 1048576K
}
Event: 7.246 GC heap before
{Heap before GC invocations=3 (full 0):
 PSYoungGen      total 71680K, used 71656K [0x00000000d5d00000, 0x00000000da800000, 0x0000000100000000)
  eden space 66560K, 100% used [0x00000000d5d00000,0x00000000d9e00000,0x00000000d9e00000)
  from space 5120K, 99% used [0x00000000da300000,0x00000000da7fa1b0,0x00000000da800000)
  to   space 5120K, 0% used [0x00000000d9e00000,0x00000000d9e00000,0x00000000da300000)
 ParOldGen       total 87552K, used 1773K [0x0000000081600000, 0x0000000086b80000, 0x00000000d5d00000)
  object space 87552K, 2% used [0x0000000081600000,0x00000000817bb7b8,0x0000000086b80000)
 Metaspace       used 15034K, capacity 15258K, committed 15488K, reserved 1062912K
  class space    used 1821K, capacity 1913K, committed 1920K, reserved 1048576K
Event: 7.309 GC heap after
Heap after GC invocations=3 (full 0):
 PSYoungGen      total 71680K, used 5093K [0x00000000d5d00000, 0x00000000de900000, 0x0000000100000000)
  eden space 66560K, 0% used [0x00000000d5d00000,0x00000000d5d00000,0x00000000d9e00000)
  from space 5120K, 99% used [0x00000000d9e00000,0x00000000da2f9620,0x00000000da300000)
  to   space 5120K, 0% used [0x00000000de400000,0x00000000de400000,0x00000000de900000)
 ParOldGen       total 87552K, used 8020K [0x0000000081600000, 0x0000000086b80000, 0x00000000d5d00000)
  object space 87552K, 9% used [0x0000000081600000,0x0000000081dd5258,0x0000000086b80000)
 Metaspace       used 15034K, capacity 15258K, committed 15488K, reserved 1062912K
  class space    used 1821K, capacity 1913K, committed 1920K, reserved 1048576K
}
Event: 10.274 GC heap before
{Heap before GC invocations=4 (full 0):
 PSYoungGen      total 71680K, used 71653K [0x00000000d5d00000, 0x00000000de900000, 0x0000000100000000)
  eden space 66560K, 100% used [0x00000000d5d00000,0x00000000d9e00000,0x00000000d9e00000)
  from space 5120K, 99% used [0x00000000d9e00000,0x00000000da2f9620,0x00000000da300000)
  to   space 5120K, 0% used [0x00000000de400000,0x00000000de400000,0x00000000de900000)
 ParOldGen       total 87552K, used 8020K [0x0000000081600000, 0x0000000086b80000, 0x00000000d5d00000)
  object space 87552K, 9% used [0x0000000081600000,0x0000000081dd5258,0x0000000086b80000)
 Metaspace       used 15504K, capacity 15798K, committed 16128K, reserved 1062912K
  class space    used 1852K, capacity 1955K, committed 2048K, reserved 1048576K
Event: 10.316 GC heap after
Heap after GC invocations=4 (full 0):
 PSYoungGen      total 138240K, used 5109K [0x00000000d5d00000, 0x00000000de900000, 0x0000000100000000)
  eden space 133120K, 0% used [0x00000000d5d00000,0x00000000d5d00000,0x00000000ddf00000)
  from space 5120K, 99% used [0x00000000de400000,0x00000000de8fd610,0x00000000de900000)
  to   space 5120K, 0% used [0x00000000ddf00000,0x00000000ddf00000,0x00000000de400000)
 ParOldGen       total 87552K, used 15490K [0x0000000081600000, 0x0000000086b80000, 0x00000000d5d00000)
  object space 87552K, 17% used [0x0000000081600000,0x00000000825209b0,0x0000000086b80000)
 Metaspace       used 15504K, capacity 15798K, committed 16128K, reserved 1062912K
  class space    used 1852K, capacity 1955K, committed 2048K, reserved 1048576K
}

Deoptimization events (10 events):
Event: 17.323 Thread 0x0000000002cb3000 Uncommon trap: reason=unstable_if action=reinterpret pc=0x000000000336b064 method=com.google.inject.internal.MoreTypes.canonicalize(Ljava/lang/reflect/Type;)Ljava/lang/reflect/Type; @ 16
Event: 17.323 Thread 0x0000000002cb3000 Uncommon trap: reason=class_check action=maybe_recompile pc=0x0000000003344d6c method=com.google.inject.internal.MoreTypes.getRawType(Ljava/lang/reflect/Type;)Ljava/lang/Class; @ 13
Event: 17.323 Thread 0x0000000002cb3000 Uncommon trap: reason=unstable_if action=reinterpret pc=0x00000000033483cc method=com.google.inject.internal.MoreTypes.canonicalize(Ljava/lang/reflect/Type;)Ljava/lang/reflect/Type; @ 16
Event: 17.323 Thread 0x0000000002cb3000 Uncommon trap: reason=class_check action=maybe_recompile pc=0x0000000003344d6c method=com.google.inject.internal.MoreTypes.getRawType(Ljava/lang/reflect/Type;)Ljava/lang/Class; @ 13
Event: 17.325 Thread 0x0000000002cb3000 Uncommon trap: reason=class_check action=maybe_recompile pc=0x0000000003344d6c method=com.google.inject.internal.MoreTypes.getRawType(Ljava/lang/reflect/Type;)Ljava/lang/Class; @ 13
Event: 17.326 Thread 0x0000000002cb3000 Uncommon trap: reason=class_check action=maybe_recompile pc=0x0000000003344d6c method=com.google.inject.internal.MoreTypes.getRawType(Ljava/lang/reflect/Type;)Ljava/lang/Class; @ 13
Event: 17.859 Thread 0x0000000002cb3000 Uncommon trap: reason=class_check action=maybe_recompile pc=0x0000000003673e80 method=java.util.Collections$UnmodifiableMap.size()I @ 4
Event: 17.893 Thread 0x0000000002cb3000 Uncommon trap: reason=class_check action=maybe_recompile pc=0x000000000363ac70 method=java.util.Hashtable.put(Ljava/lang/Object;Ljava/lang/Object;)Ljava/lang/Object; @ 18
Event: 17.894 Thread 0x0000000002cb3000 Uncommon trap: reason=class_check action=maybe_recompile pc=0x00000000034f1c88 method=java.util.Hashtable.get(Ljava/lang/Object;)Ljava/lang/Object; @ 6
Event: 17.894 Thread 0x0000000002cb3000 Uncommon trap: reason=class_check action=maybe_recompile pc=0x000000000363ac70 method=java.util.Hashtable.put(Ljava/lang/Object;Ljava/lang/Object;)Ljava/lang/Object; @ 18

Classes redefined (0 events):
No events

Internal exceptions (10 events):
Event: 6.998 Thread 0x0000000002cb3000 Implicit null exception at 0x0000000003595ef7 to 0x0000000003596141
Event: 8.002 Thread 0x0000000002cb3000 Implicit null exception at 0x000000000325c4d5 to 0x000000000325c6ad
Event: 8.002 Thread 0x0000000002cb3000 Implicit null exception at 0x000000000327bf2f to 0x000000000327bf99
Event: 8.078 Thread 0x0000000002cb3000 Implicit null exception at 0x00000000035e1368 to 0x00000000035e2929
Event: 8.179 Thread 0x0000000002cb3000 Implicit null exception at 0x00000000034dedb8 to 0x00000000034df055
Event: 8.180 Thread 0x0000000002cb3000 Implicit null exception at 0x00000000035138ae to 0x0000000003514079
Event: 8.180 Thread 0x0000000002cb3000 Implicit null exception at 0x00000000031d17db to 0x00000000031d1c55
Event: 17.476 Thread 0x0000000002cb3000 Exception <a 'java/lang/NoSuchFieldError': method resolution failed> (0x00000000dc74a840) thrown at [C:\re\workspace\8-2-build-windows-amd64-cygwin\jdk8u221\13320\hotspot\src\share\vm\prims\methodHandles.cpp, line 1167]
Event: 17.478 Thread 0x0000000002cb3000 Exception <a 'java/lang/NoSuchFieldError': method resolution failed> (0x00000000dc757f00) thrown at [C:\re\workspace\8-2-build-windows-amd64-cygwin\jdk8u221\13320\hotspot\src\share\vm\prims\methodHandles.cpp, line 1167]
Event: 17.527 Thread 0x0000000002cb3000 Exception <a 'java/lang/NoSuchMethodError': java.lang.Object.lambda$comparing$77a9974f$1(Ljava/util/function/Function;Ljava/lang/Object;Ljava/lang/Object;)I> (0x00000000dc7e7e50) thrown at [C:\re\workspace\8-2-build-windows-amd64-cygwin\jdk8u221\13320\hot

Events (10 events):
Event: 17.893 loading class sun/invoke/util/VerifyAccess$1 done
Event: 17.893 Thread 0x0000000002cb3000 Uncommon trap: trap_request=0xffffffde fr.pc=0x000000000363ac70
Event: 17.894 Thread 0x0000000002cb3000 DEOPT PACKING pc=0x000000000363ac70 sp=0x000000000293dc40
Event: 17.894 Thread 0x0000000002cb3000 DEOPT UNPACKING pc=0x0000000002eb583b sp=0x000000000293dc30 mode 2
Event: 17.894 Thread 0x0000000002cb3000 Uncommon trap: trap_request=0xffffffde fr.pc=0x00000000034f1c88
Event: 17.894 Thread 0x0000000002cb3000 DEOPT PACKING pc=0x00000000034f1c88 sp=0x000000000293dc70
Event: 17.894 Thread 0x0000000002cb3000 DEOPT UNPACKING pc=0x0000000002eb583b sp=0x000000000293dc28 mode 2
Event: 17.894 Thread 0x0000000002cb3000 Uncommon trap: trap_request=0xffffffde fr.pc=0x000000000363ac70
Event: 17.894 Thread 0x0000000002cb3000 DEOPT PACKING pc=0x000000000363ac70 sp=0x000000000293dc30
Event: 17.894 Thread 0x0000000002cb3000 DEOPT UNPACKING pc=0x0000000002eb583b sp=0x000000000293dc20 mode 2


Dynamic libraries:
0x00007ff696d30000 - 0x00007ff696d67000 	C:\Program Files\Java\jdk1.8.0_221\bin\java.exe
0x00007ff8dcc40000 - 0x00007ff8dce30000 	C:\WINDOWS\SYSTEM32\ntdll.dll
0x00007ff8db550000 - 0x00007ff8db602000 	C:\WINDOWS\System32\KERNEL32.DLL
0x00007ff8da4f0000 - 0x00007ff8da794000 	C:\WINDOWS\System32\KERNELBASE.dll
0x00007ff8db250000 - 0x00007ff8db2f3000 	C:\WINDOWS\System32\ADVAPI32.dll
0x00007ff8dcb60000 - 0x00007ff8dcbfe000 	C:\WINDOWS\System32\msvcrt.dll
0x00007ff8dcac0000 - 0x00007ff8dcb57000 	C:\WINDOWS\System32\sechost.dll
0x00007ff8dbe80000 - 0x00007ff8dbfa0000 	C:\WINDOWS\System32\RPCRT4.dll
0x00007ff8dc890000 - 0x00007ff8dca24000 	C:\WINDOWS\System32\USER32.dll
0x00007ff8daa70000 - 0x00007ff8daa91000 	C:\WINDOWS\System32\win32u.dll
0x00007ff8dbd80000 - 0x00007ff8dbda6000 	C:\WINDOWS\System32\GDI32.dll
0x00007ff8dab50000 - 0x00007ff8dace4000 	C:\WINDOWS\System32\gdi32full.dll
0x00007ff8da7a0000 - 0x00007ff8da83e000 	C:\WINDOWS\System32\msvcp_win.dll
0x00007ff8d9bf0000 - 0x00007ff8d9cea000 	C:\WINDOWS\System32\ucrtbase.dll
0x00007ff8bf360000 - 0x00007ff8bf5e4000 	C:\WINDOWS\WinSxS\amd64_microsoft.windows.common-controls_6595b64144ccf1df_6.0.18362.836_none_e6c4b943130f18ed\COMCTL32.dll
0x00007ff8db640000 - 0x00007ff8db976000 	C:\WINDOWS\System32\combase.dll
0x00007ff8d9cf0000 - 0x00007ff8d9d70000 	C:\WINDOWS\System32\bcryptPrimitives.dll
0x00007ff8db610000 - 0x00007ff8db63e000 	C:\WINDOWS\System32\IMM32.DLL
0x00000000503f0000 - 0x00000000504c2000 	C:\Program Files\Java\jdk1.8.0_221\jre\bin\msvcr100.dll
0x0000000076cc0000 - 0x0000000077565000 	C:\Program Files\Java\jdk1.8.0_221\jre\bin\server\jvm.dll
0x00007ff8dca50000 - 0x00007ff8dca58000 	C:\WINDOWS\System32\PSAPI.DLL
0x00007ff8b2360000 - 0x00007ff8b2369000 	C:\WINDOWS\SYSTEM32\WSOCK32.dll
0x00007ff8dbd10000 - 0x00007ff8dbd7f000 	C:\WINDOWS\System32\WS2_32.dll
0x00007ff8cce30000 - 0x00007ff8cce3a000 	C:\WINDOWS\SYSTEM32\VERSION.dll
0x00007ff8d6990000 - 0x00007ff8d69b4000 	C:\WINDOWS\SYSTEM32\WINMM.dll
0x00007ff8d6960000 - 0x00007ff8d698d000 	C:\WINDOWS\SYSTEM32\winmmbase.dll
0x00007ff8daa20000 - 0x00007ff8daa6a000 	C:\WINDOWS\System32\cfgmgr32.dll
0x00007ff8cb000000 - 0x00007ff8cb00f000 	C:\Program Files\Java\jdk1.8.0_221\jre\bin\verify.dll
0x00007ff8a3ce0000 - 0x00007ff8a3d09000 	C:\Program Files\Java\jdk1.8.0_221\jre\bin\java.dll
0x00007ff8b4db0000 - 0x00007ff8b4dc6000 	C:\Program Files\Java\jdk1.8.0_221\jre\bin\zip.dll
0x00007ff8dc050000 - 0x00007ff8dc734000 	C:\WINDOWS\System32\SHELL32.dll
0x00007ff8db980000 - 0x00007ff8dba29000 	C:\WINDOWS\System32\shcore.dll
0x00007ff8d9d70000 - 0x00007ff8da4ee000 	C:\WINDOWS\System32\windows.storage.dll
0x00007ff8d9b10000 - 0x00007ff8d9b33000 	C:\WINDOWS\System32\profapi.dll
0x00007ff8d9b60000 - 0x00007ff8d9baa000 	C:\WINDOWS\System32\powrprof.dll
0x00007ff8d9b00000 - 0x00007ff8d9b10000 	C:\WINDOWS\System32\UMPDC.dll
0x00007ff8dca60000 - 0x00007ff8dcab2000 	C:\WINDOWS\System32\shlwapi.dll
0x00007ff8d9bb0000 - 0x00007ff8d9bc1000 	C:\WINDOWS\System32\kernel.appcore.dll
0x00007ff8d9bd0000 - 0x00007ff8d9be7000 	C:\WINDOWS\System32\cryptsp.dll
0x00007ff8d26c0000 - 0x00007ff8d26ca000 	C:\Program Files (x86)\apache-maven-3.6.1\lib\jansi-native\windows64\jansi.dll
0x00007ff8b3060000 - 0x00007ff8b307a000 	C:\Program Files\Java\jdk1.8.0_221\jre\bin\net.dll
0x00007ff8c9e80000 - 0x00007ff8ca056000 	C:\WINDOWS\SYSTEM32\urlmon.dll
0x00007ff8c9bd0000 - 0x00007ff8c9e76000 	C:\WINDOWS\SYSTEM32\iertutil.dll
0x00007ff8d94e0000 - 0x00007ff8d94ec000 	C:\WINDOWS\SYSTEM32\CRYPTBASE.DLL
0x00007ff8d9310000 - 0x00007ff8d9377000 	C:\WINDOWS\system32\mswsock.dll
0x00007ff8b2e30000 - 0x00007ff8b2e42000 	C:\Program Files\Java\jdk1.8.0_221\jre\bin\nio.dll

VM Arguments:
jvm_args: -Dclassworlds.conf=C:\Program Files (x86)\apache-maven-3.6.1\bin\..\bin\m2.conf -Dmaven.home=C:\Program Files (x86)\apache-maven-3.6.1\bin\.. -Dlibrary.jansi.path=C:\Program Files (x86)\apache-maven-3.6.1\bin\..\lib\jansi-native -Dmaven.multiModuleProjectDirectory=C:\Users\felipe\Documents\rest_api 
java_command: org.codehaus.plexus.classworlds.launcher.Launcher spring-boot:run
java_class_path (initial): C:\Program Files (x86)\apache-maven-3.6.1\bin\..\boot\plexus-classworlds-2.6.0.jar
Launcher Type: SUN_STANDARD

Environment Variables:
JAVA_HOME=C:\Program Files\Java\jdk1.8.0_221
CLASSPATH=C:\LINGO64_18\Lingo18.jar
PATH=C:\Python38\;C:\Python38\Scripts;C:\Python27\;C:\Python27\Scripts;C:\Program Files (x86)\Common Files\Oracle\Java\javapath;C:\Program Files (x86)\Intel\Intel(R) Management Engine Components\iCLS\;C:\Program Files\Intel\Intel(R) Management Engine Components\iCLS\;C:\oraclexe\app\oracle\product\11.2.0\server\bin;C:\WINDOWS\system32;C:\WINDOWS;C:\WINDOWS\System32\Wbem;C:\WINDOWS\System32\WindowsPowerShell\v1.0\;C:\WINDOWS\System32\OpenSSH\;C:\Program Files (x86)\Calibre2\;C:\Program Files\Microsoft VS Code\bin;C:\winbild\bin;C:\LINGO64_18\;C:\Program Files (x86)\Intel\Intel(R) Management Engine Components\DAL;C:\Program Files\Intel\Intel(R) Management Engine Components\DAL;C:\Program Files (x86)\apache-maven-3.6.1\bin;C:\Program Files\Git\cmd;C:\Program Files\nodejs\;C:\ProgramData\chocolatey\bin;C:\Users\felipe\AppData\Roaming\Python\Python37\Scripts;C:\Program Files\Pandoc\;C:\Program Files\MiKTeX 2.9\miktex\bin\x64\;C:\Program Files\PostgreSQL\12\bin;C:\Program Files\MySQL\MySQL Shell 8.0\bin\;C:\Users\felipe\AppData\Local\Microsoft\WindowsApps;C:\Program Files\Docker Toolbox;C:\Users\felipe\AppData\Roaming\npm;C:\Program Files\heroku\bin;C:\Users\felipe\AppData\Local\Geckodriver\geckodriver.exe;C:\Users\felipe\AppData\Local\Geckodriver\;C:\Program Files\wkhtmltopdf\bin;C:\Program Files\PostgreSQL\12\bin
USERNAME=felipe
OS=Windows_NT
PROCESSOR_IDENTIFIER=Intel64 Family 6 Model 142 Stepping 9, GenuineIntel



---------------  S Y S T E M  ---------------

OS: Windows 10.0 , 64 bit Build 18362 (10.0.18362.778)

CPU:total 4 (initial active 4) (2 cores per cpu, 2 threads per core) family 6 model 142 stepping 9, cmov, cx8, fxsr, mmx, sse, sse2, sse3, ssse3, sse4.1, sse4.2, popcnt, avx, avx2, aes, clmul, erms, 3dnowpref, lzcnt, ht, tsc, tscinvbit, bmi1, bmi2, adx

Memory: 4k page, physical 8291556k(327472k free), swap 16680164k(4112k free)

vm_info: Java HotSpot(TM) 64-Bit Server VM (25.221-b11) for windows-amd64 JRE (1.8.0_221-b11), built on Jul  4 2019 04:39:29 by "java_re" with MS VC++ 10.0 (VS2010)

time: Tue May 26 15:56:26 2020
timezone: Hora est. Sudamerica Pacifico
elapsed time: 18 seconds (0d 0h 0m 18s)

