#
# A fatal error has been detected by the Java Runtime Environment:
#
#  SIGSEGV (0xb) at pc=0x00007fbc9116ed45, pid=11942, tid=11965
#
# JRE version: OpenJDK Runtime Environment (11.0.5+10) (build 11.0.5+10-post-Ubuntu-0ubuntu1.118.04)
# Java VM: OpenJDK 64-Bit Server VM (11.0.5+10-post-Ubuntu-0ubuntu1.118.04, mixed mode, sharing, tiered, compressed oops, g1 gc, linux-amd64)
# Problematic frame:
# C  [libc.so.6+0x18ed45]
#
# No core dump will be written. 
#
# If you would like to submit a bug report, please visit:
#   Unknown
#

---------------  S U M M A R Y ------------

Command Line: -Dclassworlds.conf=/mnt/d/Caya/Descargas/apache-maven-3.6.1-bin/apache-maven-3.6.1/bin/m2.conf -Dmaven.home=/mnt/d/Caya/Descargas/apache-maven-3.6.1-bin/apache-maven-3.6.1 -Dlibrary.jansi.path=/mnt/d/Caya/Descargas/apache-maven-3.6.1-bin/apache-maven-3.6.1/lib/jansi-native -Dmaven.multiModuleProjectDirectory=/mnt/c/Users/Caya/Desktop/Trabajo/trabajo/demo org.codehaus.plexus.classworlds.launcher.Launcher install

Host: Intel(R) Core(TM) i5-7300HQ CPU @ 2.50GHz, 4 cores, 7G, Ubuntu 18.04.3 LTS
Time: Sat Jan 18 01:01:57 2020 CET elapsed time: 9 seconds (0d 0h 0m 9s)

---------------  T H R E A D  ---------------

Current thread (0x00007fbc8811e000):  JavaThread "C2 CompilerThread0" daemon [_thread_in_vm, id=11965, stack(0x00007fbc61780000,0x00007fbc61881000)]


Current CompileTask:
C2:   9292 3918   !   4       java.io.BufferedWriter::write (117 bytes)

Stack: [0x00007fbc61780000,0x00007fbc61881000],  sp=0x00007fbc6187dc38,  free space=1015k
Native frames: (J=compiled Java code, A=aot compiled Java code, j=interpreted, Vv=VM code, C=native code)
C  [libc.so.6+0x18ed45]
V  [libjvm.so+0x5b38dc]
V  [libjvm.so+0xb875a2]
V  [libjvm.so+0xb87961]
V  [libjvm.so+0x53a2a2]
V  [libjvm.so+0x5f25cf]
V  [libjvm.so+0x50923c]
V  [libjvm.so+0x5fc3d3]
V  [libjvm.so+0x5fdb78]
V  [libjvm.so+0xd7fa03]
V  [libjvm.so+0xd7fcd5]
V  [libjvm.so+0xd7ba0a]
V  [libjvm.so+0xbcd3ce]


siginfo: si_signo: 11 (SIGSEGV), si_code: 2 (SEGV_ACCERR), si_addr: 0x00007fbc7865a780

Register to memory mapping:

RAX=0x00007fbc78659f40 is at entry_point+0 in (nmethod*)0x00007fbc78659d90
RBX=0x00007fbc6187dda8 is pointing into the stack for thread: 0x00007fbc8811e000
RCX=0x00007fbc70a4f3c0 is at code_begin+1984 in 
[CodeBlob (0x00007fbc70a4eb90)]
Framesize: 0
BufferBlob (0x00007fbc70a4eb90) used for Compile::Fill_buffer
RDX=0x00000000000007e0 is an unknown value
RSP=0x00007fbc6187dc38 is pointing into the stack for thread: 0x00007fbc8811e000
RBP=0x00007fbc6187dd40 is pointing into the stack for thread: 0x00007fbc8811e000
RSI=0x00007fbc70a4ec00 is at code_begin+0 in 
[CodeBlob (0x00007fbc70a4eb90)]
Framesize: 0
BufferBlob (0x00007fbc70a4eb90) used for Compile::Fill_buffer
RDI=0x00007fbc78659f40 is at entry_point+0 in (nmethod*)0x00007fbc78659d90
R8 =0x0000000000000010 is an unknown value
R9 =0x00007fbc7865a780 is at entry_point+2112 in (nmethod*)0x00007fbc78659d90
R10=0x0000000000000023 is an unknown value
R11=0x00007fbc7865a790 is at entry_point+2128 in (nmethod*)0x00007fbc78659d90
R12=0x00007fbc6187dd50 is pointing into the stack for thread: 0x00007fbc8811e000
R13=0x00007fbc6187f780 is pointing into the stack for thread: 0x00007fbc8811e000
R14=0x00007fbc6187f728 is pointing into the stack for thread: 0x00007fbc8811e000
R15=0x00007fbc6187f730 is pointing into the stack for thread: 0x00007fbc8811e000


Registers:
RAX=0x00007fbc78659f40, RBX=0x00007fbc6187dda8, RCX=0x00007fbc70a4f3c0, RDX=0x00000000000007e0
RSP=0x00007fbc6187dc38, RBP=0x00007fbc6187dd40, RSI=0x00007fbc70a4ec00, RDI=0x00007fbc78659f40
R8 =0x0000000000000010, R9 =0x00007fbc7865a780, R10=0x0000000000000023, R11=0x00007fbc7865a790
R12=0x00007fbc6187dd50, R13=0x00007fbc6187f780, R14=0x00007fbc6187f728, R15=0x00007fbc6187f730
RIP=0x00007fbc9116ed45, EFLAGS=0x0000000000010202, CSGSFS=0x00000053002b0033, ERR=0x0000000000000000
  TRAPNO=0x0000000000000000

Top of Stack: (sp=0x00007fbc6187dc38)
0x00007fbc6187dc38:   00007fbc8fb126fd 00007fbc903ec4ac
0x00007fbc6187dc48:   00007fbc6187de48 000008a800000005
0x00007fbc6187dc58:   00007fbc78659f40 00007fbc6187dd58
0x00007fbc6187dc68:   0000000000000000 0000000000000000 

Instructions: (pc=0x00007fbc9116ed45)
0x00007fbc9116ec45:   e0 c5 fe 6f 74 16 c0 c5 fe 6f 7c 16 a0 c5 7e 6f
0x00007fbc9116ec55:   44 16 80 49 89 fb 48 8d 4c 17 e0 49 89 f8 49 83
0x00007fbc9116ec65:   e0 1f 49 83 e8 20 4c 29 c6 4c 29 c7 4c 01 c2 48
0x00007fbc9116ec75:   3b 15 fd 19 26 00 0f 87 07 01 00 00 c5 fe 6f 06
0x00007fbc9116ec85:   c5 fe 6f 4e 20 c5 fe 6f 56 40 c5 fe 6f 5e 60 48
0x00007fbc9116ec95:   81 c6 80 00 00 00 48 81 ea 80 00 00 00 c5 fd 7f
0x00007fbc9116eca5:   07 c5 fd 7f 4f 20 c5 fd 7f 57 40 c5 fd 7f 5f 60
0x00007fbc9116ecb5:   48 81 c7 80 00 00 00 48 81 fa 80 00 00 00 77 bc
0x00007fbc9116ecc5:   c5 fe 7f 29 c5 fe 7f 71 e0 c5 fe 7f 79 c0 c5 7e
0x00007fbc9116ecd5:   7f 41 a0 c4 c1 7e 7f 23 c5 f8 77 c3 c5 fe 6f 26
0x00007fbc9116ece5:   c5 fe 6f 6e 20 c5 fe 6f 76 40 c5 fe 6f 7e 60 c5
0x00007fbc9116ecf5:   7e 6f 44 16 e0 4c 8d 5c 17 e0 48 8d 4c 16 e0 4d
0x00007fbc9116ed05:   89 d9 4d 89 d8 49 83 e0 1f 4c 29 c1 4d 29 c1 4c
0x00007fbc9116ed15:   29 c2 48 3b 15 5a 19 26 00 0f 87 f0 00 00 00 c5
0x00007fbc9116ed25:   fe 6f 01 c5 fe 6f 49 e0 c5 fe 6f 51 c0 c5 fe 6f
0x00007fbc9116ed35:   59 a0 48 81 e9 80 00 00 00 48 81 ea 80 00 00 00
0x00007fbc9116ed45:   c4 c1 7d 7f 01 c4 c1 7d 7f 49 e0 c4 c1 7d 7f 51
0x00007fbc9116ed55:   c0 c4 c1 7d 7f 59 a0 49 81 e9 80 00 00 00 48 81
0x00007fbc9116ed65:   fa 80 00 00 00 77 b8 c5 fe 7f 27 c5 fe 7f 6f 20
0x00007fbc9116ed75:   c5 fe 7f 77 40 c5 fe 7f 7f 60 c4 41 7e 7f 03 c5
0x00007fbc9116ed85:   f8 77 c3 4c 8d 14 17 4c 39 d6 0f 82 ec fe ff ff
0x00007fbc9116ed95:   0f 18 8e 00 01 00 00 0f 18 8e 40 01 00 00 0f 18
0x00007fbc9116eda5:   8e 80 01 00 00 0f 18 8e c0 01 00 00 c5 fe 6f 06
0x00007fbc9116edb5:   c5 fe 6f 4e 20 c5 fe 6f 56 40 c5 fe 6f 5e 60 48
0x00007fbc9116edc5:   81 c6 80 00 00 00 48 81 ea 80 00 00 00 c5 fd e7
0x00007fbc9116edd5:   07 c5 fd e7 4f 20 c5 fd e7 57 40 c5 fd e7 5f 60
0x00007fbc9116ede5:   48 81 c7 80 00 00 00 48 81 fa 80 00 00 00 77 a0
0x00007fbc9116edf5:   0f ae f8 c5 fe 7f 29 c5 fe 7f 71 e0 c5 fe 7f 79
0x00007fbc9116ee05:   c0 c5 7e 7f 41 a0 c4 c1 7e 7f 23 c5 f8 77 c3 4c
0x00007fbc9116ee15:   8d 14 11 4d 39 d1 0f 82 03 ff ff ff 0f 18 89 00
0x00007fbc9116ee25:   ff ff ff 0f 18 89 c0 fe ff ff 0f 18 89 80 fe ff
0x00007fbc9116ee35:   ff 0f 18 89 40 fe ff ff c5 fe 6f 01 c5 fe 6f 49 


Stack slot to memory mapping:
stack at sp + 0 slots: 0x00007fbc8fb126fd: <offset 0x00000000005b26fd> in /usr/lib/jvm/java-11-openjdk-amd64/lib/server/libjvm.so at 0x00007fbc8f560000
stack at sp + 1 slots: 0x00007fbc903ec4ac: <offset 0x0000000000e8c4ac> in /usr/lib/jvm/java-11-openjdk-amd64/lib/server/libjvm.so at 0x00007fbc8f560000
stack at sp + 2 slots: 0x00007fbc6187de48 is pointing into the stack for thread: 0x00007fbc8811e000
stack at sp + 3 slots: 0x000008a800000005 is an unknown value
stack at sp + 4 slots: 0x00007fbc78659f40 is at entry_point+0 in (nmethod*)0x00007fbc78659d90
stack at sp + 5 slots: 0x00007fbc6187dd58 is pointing into the stack for thread: 0x00007fbc8811e000
stack at sp + 6 slots: 0x0 is NULL
stack at sp + 7 slots: 0x0 is NULL


---------------  P R O C E S S  ---------------

Threads class SMR info:
_java_thread_list=0x00007fbc00000bd0, length=15, elements={
0x00007fbc88015000, 0x00007fbc88112000, 0x00007fbc88114000, 0x00007fbc8811c000,
0x00007fbc8811e000, 0x00007fbc88120000, 0x00007fbc88122000, 0x00007fbc88159000,
0x00007fbc8815e000, 0x00007fbc88e38800, 0x00007fbc88e3b000, 0x00007fbc88e3d000,
0x00007fbc88e0c000, 0x00007fbc88e43000, 0x00007fbc88e85800
}

Java Threads: ( => current thread )
  0x00007fbc88015000 JavaThread "main" [_thread_blocked, id=11955, stack(0x00007fbc91890000,0x00007fbc91991000)]
  0x00007fbc88112000 JavaThread "Reference Handler" daemon [_thread_blocked, id=11962, stack(0x00007fbc61de0000,0x00007fbc61ee1000)]
  0x00007fbc88114000 JavaThread "Finalizer" daemon [_thread_blocked, id=11963, stack(0x00007fbc61cd0000,0x00007fbc61dd1000)]
  0x00007fbc8811c000 JavaThread "Signal Dispatcher" daemon [_thread_blocked, id=11964, stack(0x00007fbc61890000,0x00007fbc61991000)]
=>0x00007fbc8811e000 JavaThread "C2 CompilerThread0" daemon [_thread_in_vm, id=11965, stack(0x00007fbc61780000,0x00007fbc61881000)]
  0x00007fbc88120000 JavaThread "C1 CompilerThread0" daemon [_thread_blocked, id=11966, stack(0x00007fbc61670000,0x00007fbc61771000)]
  0x00007fbc88122000 JavaThread "Sweeper thread" daemon [_thread_blocked, id=11967, stack(0x00007fbc61560000,0x00007fbc61661000)]
  0x00007fbc88159000 JavaThread "Service Thread" daemon [_thread_blocked, id=11968, stack(0x00007fbc61450000,0x00007fbc61551000)]
  0x00007fbc8815e000 JavaThread "Common-Cleaner" daemon [_thread_blocked, id=11970, stack(0x00007fbc61230000,0x00007fbc61331000)]
  0x00007fbc88e38800 JavaThread "resolver-1" daemon [_thread_blocked, id=11976, stack(0x00007fbc1fbe0000,0x00007fbc1fce1000)]
  0x00007fbc88e3b000 JavaThread "resolver-2" daemon [_thread_blocked, id=11977, stack(0x00007fbc1fad0000,0x00007fbc1fbd1000)]
  0x00007fbc88e3d000 JavaThread "resolver-3" daemon [_thread_blocked, id=11978, stack(0x00007fbc1f9c0000,0x00007fbc1fac1000)]
  0x00007fbc88e0c000 JavaThread "resolver-4" daemon [_thread_blocked, id=11979, stack(0x00007fbc1fcf0000,0x00007fbc1fdf1000)]
  0x00007fbc88e43000 JavaThread "resolver-5" daemon [_thread_blocked, id=11980, stack(0x00007fbc1f8b0000,0x00007fbc1f9b1000)]
  0x00007fbc88e85800 JavaThread "process reaper" daemon [_thread_blocked, id=11986, stack(0x00007fbc60030000,0x00007fbc60052000)]

Other Threads:
  0x00007fbc8810f000 VMThread "VM Thread" [stack: 0x00007fbc61ef2000,0x00007fbc61ff2000] [id=11961]
  0x00007fbc8815b800 WatcherThread [stack: 0x00007fbc61342000,0x00007fbc61442000] [id=11969]
  0x00007fbc8802e000 GCTaskThread "GC Thread#0" [stack: 0x00007fbc8d832000,0x00007fbc8d932000] [id=11956]
  0x00007fbc54001000 GCTaskThread "GC Thread#1" [stack: 0x00007fbc60882000,0x00007fbc60982000] [id=11971]
  0x00007fbc54002800 GCTaskThread "GC Thread#2" [stack: 0x00007fbc60772000,0x00007fbc60872000] [id=11972]
  0x00007fbc8805f800 ConcurrentGCThread "G1 Main Marker" [stack: 0x00007fbc8c6c2000,0x00007fbc8c7c2000] [id=11957]
  0x00007fbc88061800 ConcurrentGCThread "G1 Conc#0" [stack: 0x00007fbc8c5b2000,0x00007fbc8c6b2000] [id=11958]
  0x00007fbc880dc000 ConcurrentGCThread "G1 Refine#0" [stack: 0x00007fbc8c062000,0x00007fbc8c162000] [id=11959]
  0x00007fbc880dd800 ConcurrentGCThread "G1 Young RemSet Sampling" [stack: 0x00007fbc70822000,0x00007fbc70922000] [id=11960]

Threads with active compile tasks:
C2 CompilerThread0   9348 3918   !   4       java.io.BufferedWriter::write (117 bytes)

VM state:not at safepoint (normal execution)

VM Mutex/Monitor currently owned by a thread:  ([mutex/lock_event])
[0x00007fbc8800fed0] CodeCache_lock - owner thread: 0x00007fbc8811e000
[0x00007fbc880119d0] Compile_lock - owner thread: 0x00007fbc8811e000
[0x00007fbc88011b80] MethodCompileQueue_lock - owner thread: 0x00007fbc8811e000

Heap address: 0x0000000082200000, size: 2014 MB, Compressed Oops mode: 32-bit
Narrow klass base: 0x0000000800000000, Narrow klass shift: 3
Compressed class space size: 1073741824 Address: 0x0000000840000000

Heap:
 garbage-first heap   total 131072K, used 55105K [0x0000000082200000, 0x0000000100000000)
  region size 1024K, 40 young (40960K), 4 survivors (4096K)
 Metaspace       used 17164K, capacity 17821K, committed 18048K, reserved 1064960K
  class space    used 1888K, capacity 2094K, committed 2176K, reserved 1048576K
Heap Regions: E=young(eden), S=young(survivor), O=old, HS=humongous(starts), HC=humongous(continues), CS=collection set, F=free, A=archive, TAMS=top-at-mark-start (previous, next)
|   0|0x0000000082200000, 0x0000000082300000, 0x0000000082300000|100%| O|  |TAMS 0x0000000082200000, 0x0000000082200000| Untracked 
|   1|0x0000000082300000, 0x0000000082400000, 0x0000000082400000|100%| O|  |TAMS 0x0000000082300000, 0x0000000082300000| Untracked 
|   2|0x0000000082400000, 0x0000000082500000, 0x0000000082500000|100%| O|  |TAMS 0x0000000082400000, 0x0000000082400000| Untracked 
|   3|0x0000000082500000, 0x0000000082600000, 0x0000000082600000|100%| O|  |TAMS 0x0000000082500000, 0x0000000082500000| Untracked 
|   4|0x0000000082600000, 0x0000000082700000, 0x0000000082700000|100%| O|  |TAMS 0x0000000082600000, 0x0000000082600000| Untracked 
|   5|0x0000000082700000, 0x0000000082800000, 0x0000000082800000|100%| O|  |TAMS 0x0000000082700000, 0x0000000082700000| Untracked 
|   6|0x0000000082800000, 0x0000000082900000, 0x0000000082900000|100%| O|  |TAMS 0x0000000082800000, 0x0000000082800000| Untracked 
|   7|0x0000000082900000, 0x0000000082a00000, 0x0000000082a00000|100%| O|  |TAMS 0x0000000082900000, 0x0000000082900000| Untracked 
|   8|0x0000000082a00000, 0x0000000082b00000, 0x0000000082b00000|100%| O|  |TAMS 0x0000000082a00000, 0x0000000082a00000| Untracked 
|   9|0x0000000082b00000, 0x0000000082c00000, 0x0000000082c00000|100%| O|  |TAMS 0x0000000082b00000, 0x0000000082b00000| Untracked 
|  10|0x0000000082c00000, 0x0000000082d00000, 0x0000000082d00000|100%| O|  |TAMS 0x0000000082c00000, 0x0000000082c00000| Untracked 
|  11|0x0000000082d00000, 0x0000000082e00000, 0x0000000082e00000|100%| O|  |TAMS 0x0000000082d00000, 0x0000000082d00000| Untracked 
|  12|0x0000000082e00000, 0x0000000082f00000, 0x0000000082f00000|100%| O|  |TAMS 0x0000000082e00000, 0x0000000082e00000| Untracked 
|  13|0x0000000082f00000, 0x0000000083000000, 0x0000000083000000|100%| O|  |TAMS 0x0000000082f00000, 0x0000000082f00000| Untracked 
|  14|0x0000000083000000, 0x0000000083058400, 0x0000000083100000| 34%| O|  |TAMS 0x0000000083000000, 0x0000000083000000| Untracked 
|  15|0x0000000083100000, 0x0000000083100000, 0x0000000083200000|  0%| F|  |TAMS 0x0000000083100000, 0x0000000083100000| Untracked 
|  16|0x0000000083200000, 0x0000000083200000, 0x0000000083300000|  0%| F|  |TAMS 0x0000000083200000, 0x0000000083200000| Untracked 
|  17|0x0000000083300000, 0x0000000083300000, 0x0000000083400000|  0%| F|  |TAMS 0x0000000083300000, 0x0000000083300000| Untracked 
|  18|0x0000000083400000, 0x0000000083400000, 0x0000000083500000|  0%| F|  |TAMS 0x0000000083400000, 0x0000000083400000| Untracked 
|  19|0x0000000083500000, 0x0000000083500000, 0x0000000083600000|  0%| F|  |TAMS 0x0000000083500000, 0x0000000083500000| Untracked 
|  20|0x0000000083600000, 0x0000000083600000, 0x0000000083700000|  0%| F|  |TAMS 0x0000000083600000, 0x0000000083600000| Untracked 
|  21|0x0000000083700000, 0x0000000083700000, 0x0000000083800000|  0%| F|  |TAMS 0x0000000083700000, 0x0000000083700000| Untracked 
|  22|0x0000000083800000, 0x0000000083800000, 0x0000000083900000|  0%| F|  |TAMS 0x0000000083800000, 0x0000000083800000| Untracked 
|  23|0x0000000083900000, 0x0000000083900000, 0x0000000083a00000|  0%| F|  |TAMS 0x0000000083900000, 0x0000000083900000| Untracked 
|  24|0x0000000083a00000, 0x0000000083a00000, 0x0000000083b00000|  0%| F|  |TAMS 0x0000000083a00000, 0x0000000083a00000| Untracked 
|  25|0x0000000083b00000, 0x0000000083b00000, 0x0000000083c00000|  0%| F|  |TAMS 0x0000000083b00000, 0x0000000083b00000| Untracked 
|  26|0x0000000083c00000, 0x0000000083c00000, 0x0000000083d00000|  0%| F|  |TAMS 0x0000000083c00000, 0x0000000083c00000| Untracked 
|  27|0x0000000083d00000, 0x0000000083d00000, 0x0000000083e00000|  0%| F|  |TAMS 0x0000000083d00000, 0x0000000083d00000| Untracked 
|  28|0x0000000083e00000, 0x0000000083e00000, 0x0000000083f00000|  0%| F|  |TAMS 0x0000000083e00000, 0x0000000083e00000| Untracked 
|  29|0x0000000083f00000, 0x0000000083f00000, 0x0000000084000000|  0%| F|  |TAMS 0x0000000083f00000, 0x0000000083f00000| Untracked 
|  30|0x0000000084000000, 0x0000000084000000, 0x0000000084100000|  0%| F|  |TAMS 0x0000000084000000, 0x0000000084000000| Untracked 
|  31|0x0000000084100000, 0x0000000084100000, 0x0000000084200000|  0%| F|  |TAMS 0x0000000084100000, 0x0000000084100000| Untracked 
|  32|0x0000000084200000, 0x0000000084200000, 0x0000000084300000|  0%| F|  |TAMS 0x0000000084200000, 0x0000000084200000| Untracked 
|  33|0x0000000084300000, 0x0000000084300000, 0x0000000084400000|  0%| F|  |TAMS 0x0000000084300000, 0x0000000084300000| Untracked 
|  34|0x0000000084400000, 0x0000000084400000, 0x0000000084500000|  0%| F|  |TAMS 0x0000000084400000, 0x0000000084400000| Untracked 
|  35|0x0000000084500000, 0x0000000084500000, 0x0000000084600000|  0%| F|  |TAMS 0x0000000084500000, 0x0000000084500000| Untracked 
|  36|0x0000000084600000, 0x0000000084600000, 0x0000000084700000|  0%| F|  |TAMS 0x0000000084600000, 0x0000000084600000| Untracked 
|  37|0x0000000084700000, 0x0000000084700000, 0x0000000084800000|  0%| F|  |TAMS 0x0000000084700000, 0x0000000084700000| Untracked 
|  38|0x0000000084800000, 0x0000000084800000, 0x0000000084900000|  0%| F|  |TAMS 0x0000000084800000, 0x0000000084800000| Untracked 
|  39|0x0000000084900000, 0x0000000084900000, 0x0000000084a00000|  0%| F|  |TAMS 0x0000000084900000, 0x0000000084900000| Untracked 
|  40|0x0000000084a00000, 0x0000000084a00000, 0x0000000084b00000|  0%| F|  |TAMS 0x0000000084a00000, 0x0000000084a00000| Untracked 
|  41|0x0000000084b00000, 0x0000000084b00000, 0x0000000084c00000|  0%| F|  |TAMS 0x0000000084b00000, 0x0000000084b00000| Untracked 
|  42|0x0000000084c00000, 0x0000000084c00000, 0x0000000084d00000|  0%| F|  |TAMS 0x0000000084c00000, 0x0000000084c00000| Untracked 
|  43|0x0000000084d00000, 0x0000000084d00000, 0x0000000084e00000|  0%| F|  |TAMS 0x0000000084d00000, 0x0000000084d00000| Untracked 
|  44|0x0000000084e00000, 0x0000000084e00000, 0x0000000084f00000|  0%| F|  |TAMS 0x0000000084e00000, 0x0000000084e00000| Untracked 
|  45|0x0000000084f00000, 0x0000000084f00000, 0x0000000085000000|  0%| F|  |TAMS 0x0000000084f00000, 0x0000000084f00000| Untracked 
|  46|0x0000000085000000, 0x0000000085000000, 0x0000000085100000|  0%| F|  |TAMS 0x0000000085000000, 0x0000000085000000| Untracked 
|  47|0x0000000085100000, 0x00000000851ca120, 0x0000000085200000| 78%| S|CS|TAMS 0x0000000085100000, 0x0000000085100000| Complete 
|  48|0x0000000085200000, 0x0000000085300000, 0x0000000085300000|100%| S|CS|TAMS 0x0000000085200000, 0x0000000085200000| Complete 
|  49|0x0000000085300000, 0x0000000085400000, 0x0000000085400000|100%| S|CS|TAMS 0x0000000085300000, 0x0000000085300000| Complete 
|  50|0x0000000085400000, 0x0000000085500000, 0x0000000085500000|100%| S|CS|TAMS 0x0000000085400000, 0x0000000085400000| Complete 
|  51|0x0000000085500000, 0x0000000085500000, 0x0000000085600000|  0%| F|  |TAMS 0x0000000085500000, 0x0000000085500000| Untracked 
|  52|0x0000000085600000, 0x0000000085600000, 0x0000000085700000|  0%| F|  |TAMS 0x0000000085600000, 0x0000000085600000| Untracked 
|  53|0x0000000085700000, 0x0000000085700000, 0x0000000085800000|  0%| F|  |TAMS 0x0000000085700000, 0x0000000085700000| Untracked 
|  54|0x0000000085800000, 0x0000000085800000, 0x0000000085900000|  0%| F|  |TAMS 0x0000000085800000, 0x0000000085800000| Untracked 
|  55|0x0000000085900000, 0x0000000085900000, 0x0000000085a00000|  0%| F|  |TAMS 0x0000000085900000, 0x0000000085900000| Untracked 
|  56|0x0000000085a00000, 0x0000000085a00000, 0x0000000085b00000|  0%| F|  |TAMS 0x0000000085a00000, 0x0000000085a00000| Untracked 
|  57|0x0000000085b00000, 0x0000000085b00000, 0x0000000085c00000|  0%| F|  |TAMS 0x0000000085b00000, 0x0000000085b00000| Untracked 
|  58|0x0000000085c00000, 0x0000000085c00000, 0x0000000085d00000|  0%| F|  |TAMS 0x0000000085c00000, 0x0000000085c00000| Untracked 
|  59|0x0000000085d00000, 0x0000000085d00000, 0x0000000085e00000|  0%| F|  |TAMS 0x0000000085d00000, 0x0000000085d00000| Untracked 
|  60|0x0000000085e00000, 0x0000000085e00000, 0x0000000085f00000|  0%| F|  |TAMS 0x0000000085e00000, 0x0000000085e00000| Untracked 
|  61|0x0000000085f00000, 0x0000000085f00000, 0x0000000086000000|  0%| F|  |TAMS 0x0000000085f00000, 0x0000000085f00000| Untracked 
|  62|0x0000000086000000, 0x0000000086000000, 0x0000000086100000|  0%| F|  |TAMS 0x0000000086000000, 0x0000000086000000| Untracked 
|  63|0x0000000086100000, 0x0000000086100000, 0x0000000086200000|  0%| F|  |TAMS 0x0000000086100000, 0x0000000086100000| Untracked 
|  64|0x0000000086200000, 0x0000000086200000, 0x0000000086300000|  0%| F|  |TAMS 0x0000000086200000, 0x0000000086200000| Untracked 
|  65|0x0000000086300000, 0x0000000086300000, 0x0000000086400000|  0%| F|  |TAMS 0x0000000086300000, 0x0000000086300000| Untracked 
|  66|0x0000000086400000, 0x0000000086400000, 0x0000000086500000|  0%| F|  |TAMS 0x0000000086400000, 0x0000000086400000| Untracked 
|  67|0x0000000086500000, 0x0000000086500000, 0x0000000086600000|  0%| F|  |TAMS 0x0000000086500000, 0x0000000086500000| Untracked 
|  68|0x0000000086600000, 0x0000000086600000, 0x0000000086700000|  0%| F|  |TAMS 0x0000000086600000, 0x0000000086600000| Untracked 
|  69|0x0000000086700000, 0x0000000086700000, 0x0000000086800000|  0%| F|  |TAMS 0x0000000086700000, 0x0000000086700000| Untracked 
|  70|0x0000000086800000, 0x0000000086800000, 0x0000000086900000|  0%| F|  |TAMS 0x0000000086800000, 0x0000000086800000| Untracked 
|  71|0x0000000086900000, 0x0000000086900000, 0x0000000086a00000|  0%| F|  |TAMS 0x0000000086900000, 0x0000000086900000| Untracked 
|  72|0x0000000086a00000, 0x0000000086a00000, 0x0000000086b00000|  0%| F|  |TAMS 0x0000000086a00000, 0x0000000086a00000| Untracked 
|  73|0x0000000086b00000, 0x0000000086b00000, 0x0000000086c00000|  0%| F|  |TAMS 0x0000000086b00000, 0x0000000086b00000| Untracked 
|  74|0x0000000086c00000, 0x0000000086c00000, 0x0000000086d00000|  0%| F|  |TAMS 0x0000000086c00000, 0x0000000086c00000| Untracked 
|  75|0x0000000086d00000, 0x0000000086d00000, 0x0000000086e00000|  0%| F|  |TAMS 0x0000000086d00000, 0x0000000086d00000| Untracked 
|  76|0x0000000086e00000, 0x0000000086e00000, 0x0000000086f00000|  0%| F|  |TAMS 0x0000000086e00000, 0x0000000086e00000| Untracked 
|  77|0x0000000086f00000, 0x0000000086f00000, 0x0000000087000000|  0%| F|  |TAMS 0x0000000086f00000, 0x0000000086f00000| Untracked 
|  78|0x0000000087000000, 0x0000000087000000, 0x0000000087100000|  0%| F|  |TAMS 0x0000000087000000, 0x0000000087000000| Untracked 
|  79|0x0000000087100000, 0x0000000087100000, 0x0000000087200000|  0%| F|  |TAMS 0x0000000087100000, 0x0000000087100000| Untracked 
|  80|0x0000000087200000, 0x0000000087200000, 0x0000000087300000|  0%| F|  |TAMS 0x0000000087200000, 0x0000000087200000| Untracked 
|  81|0x0000000087300000, 0x0000000087300000, 0x0000000087400000|  0%| F|  |TAMS 0x0000000087300000, 0x0000000087300000| Untracked 
|  82|0x0000000087400000, 0x0000000087400000, 0x0000000087500000|  0%| F|  |TAMS 0x0000000087400000, 0x0000000087400000| Untracked 
|  83|0x0000000087500000, 0x0000000087500000, 0x0000000087600000|  0%| F|  |TAMS 0x0000000087500000, 0x0000000087500000| Untracked 
|  84|0x0000000087600000, 0x0000000087600000, 0x0000000087700000|  0%| F|  |TAMS 0x0000000087600000, 0x0000000087600000| Untracked 
|  85|0x0000000087700000, 0x0000000087700000, 0x0000000087800000|  0%| F|  |TAMS 0x0000000087700000, 0x0000000087700000| Untracked 
|  86|0x0000000087800000, 0x0000000087800000, 0x0000000087900000|  0%| F|  |TAMS 0x0000000087800000, 0x0000000087800000| Untracked 
|  87|0x0000000087900000, 0x0000000087900000, 0x0000000087a00000|  0%| F|  |TAMS 0x0000000087900000, 0x0000000087900000| Untracked 
|  88|0x0000000087a00000, 0x0000000087a00000, 0x0000000087b00000|  0%| F|  |TAMS 0x0000000087a00000, 0x0000000087a00000| Untracked 
|  89|0x0000000087b00000, 0x0000000087b00000, 0x0000000087c00000|  0%| F|  |TAMS 0x0000000087b00000, 0x0000000087b00000| Untracked 
|  90|0x0000000087c00000, 0x0000000087d00000, 0x0000000087d00000|100%| E|  |TAMS 0x0000000087c00000, 0x0000000087c00000| Complete 
|  91|0x0000000087d00000, 0x0000000087e00000, 0x0000000087e00000|100%| E|CS|TAMS 0x0000000087d00000, 0x0000000087d00000| Complete 
|  92|0x0000000087e00000, 0x0000000087f00000, 0x0000000087f00000|100%| E|CS|TAMS 0x0000000087e00000, 0x0000000087e00000| Complete 
|  93|0x0000000087f00000, 0x0000000088000000, 0x0000000088000000|100%| E|CS|TAMS 0x0000000087f00000, 0x0000000087f00000| Complete 
|  94|0x0000000088000000, 0x0000000088100000, 0x0000000088100000|100%| E|CS|TAMS 0x0000000088000000, 0x0000000088000000| Complete 
|  95|0x0000000088100000, 0x0000000088200000, 0x0000000088200000|100%| E|CS|TAMS 0x0000000088100000, 0x0000000088100000| Complete 
|  96|0x0000000088200000, 0x0000000088300000, 0x0000000088300000|100%| E|CS|TAMS 0x0000000088200000, 0x0000000088200000| Complete 
|  97|0x0000000088300000, 0x0000000088400000, 0x0000000088400000|100%| E|CS|TAMS 0x0000000088300000, 0x0000000088300000| Complete 
|  98|0x0000000088400000, 0x0000000088500000, 0x0000000088500000|100%| E|CS|TAMS 0x0000000088400000, 0x0000000088400000| Complete 
|  99|0x0000000088500000, 0x0000000088600000, 0x0000000088600000|100%| E|CS|TAMS 0x0000000088500000, 0x0000000088500000| Complete 
| 100|0x0000000088600000, 0x0000000088700000, 0x0000000088700000|100%| E|CS|TAMS 0x0000000088600000, 0x0000000088600000| Complete 
| 101|0x0000000088700000, 0x0000000088800000, 0x0000000088800000|100%| E|CS|TAMS 0x0000000088700000, 0x0000000088700000| Complete 
| 102|0x0000000088800000, 0x0000000088900000, 0x0000000088900000|100%| E|CS|TAMS 0x0000000088800000, 0x0000000088800000| Complete 
| 103|0x0000000088900000, 0x0000000088a00000, 0x0000000088a00000|100%| E|CS|TAMS 0x0000000088900000, 0x0000000088900000| Complete 
| 104|0x0000000088a00000, 0x0000000088b00000, 0x0000000088b00000|100%| E|CS|TAMS 0x0000000088a00000, 0x0000000088a00000| Complete 
| 105|0x0000000088b00000, 0x0000000088c00000, 0x0000000088c00000|100%| E|CS|TAMS 0x0000000088b00000, 0x0000000088b00000| Complete 
| 106|0x0000000088c00000, 0x0000000088d00000, 0x0000000088d00000|100%| E|CS|TAMS 0x0000000088c00000, 0x0000000088c00000| Complete 
| 107|0x0000000088d00000, 0x0000000088e00000, 0x0000000088e00000|100%| E|CS|TAMS 0x0000000088d00000, 0x0000000088d00000| Complete 
| 108|0x0000000088e00000, 0x0000000088f00000, 0x0000000088f00000|100%| E|CS|TAMS 0x0000000088e00000, 0x0000000088e00000| Complete 
| 109|0x0000000088f00000, 0x0000000089000000, 0x0000000089000000|100%| E|CS|TAMS 0x0000000088f00000, 0x0000000088f00000| Complete 
| 110|0x0000000089000000, 0x0000000089100000, 0x0000000089100000|100%| E|CS|TAMS 0x0000000089000000, 0x0000000089000000| Complete 
| 111|0x0000000089100000, 0x0000000089200000, 0x0000000089200000|100%| E|CS|TAMS 0x0000000089100000, 0x0000000089100000| Complete 
| 112|0x0000000089200000, 0x0000000089300000, 0x0000000089300000|100%| E|CS|TAMS 0x0000000089200000, 0x0000000089200000| Complete 
| 113|0x0000000089300000, 0x0000000089400000, 0x0000000089400000|100%| E|CS|TAMS 0x0000000089300000, 0x0000000089300000| Complete 
| 114|0x0000000089400000, 0x0000000089500000, 0x0000000089500000|100%| E|CS|TAMS 0x0000000089400000, 0x0000000089400000| Complete 
| 115|0x0000000089500000, 0x0000000089600000, 0x0000000089600000|100%| E|CS|TAMS 0x0000000089500000, 0x0000000089500000| Complete 
| 116|0x0000000089600000, 0x0000000089700000, 0x0000000089700000|100%| E|CS|TAMS 0x0000000089600000, 0x0000000089600000| Complete 
| 117|0x0000000089700000, 0x0000000089800000, 0x0000000089800000|100%| E|CS|TAMS 0x0000000089700000, 0x0000000089700000| Complete 
| 118|0x0000000089800000, 0x0000000089900000, 0x0000000089900000|100%| E|CS|TAMS 0x0000000089800000, 0x0000000089800000| Complete 
| 119|0x0000000089900000, 0x0000000089a00000, 0x0000000089a00000|100%| E|CS|TAMS 0x0000000089900000, 0x0000000089900000| Complete 
| 120|0x0000000089a00000, 0x0000000089b00000, 0x0000000089b00000|100%| E|CS|TAMS 0x0000000089a00000, 0x0000000089a00000| Complete 
| 121|0x0000000089b00000, 0x0000000089c00000, 0x0000000089c00000|100%| E|CS|TAMS 0x0000000089b00000, 0x0000000089b00000| Complete 
| 122|0x0000000089c00000, 0x0000000089d00000, 0x0000000089d00000|100%| E|CS|TAMS 0x0000000089c00000, 0x0000000089c00000| Complete 
| 123|0x0000000089d00000, 0x0000000089e00000, 0x0000000089e00000|100%| E|CS|TAMS 0x0000000089d00000, 0x0000000089d00000| Complete 
| 124|0x0000000089e00000, 0x0000000089f00000, 0x0000000089f00000|100%| E|CS|TAMS 0x0000000089e00000, 0x0000000089e00000| Complete 
| 125|0x0000000089f00000, 0x000000008a000000, 0x000000008a000000|100%| E|CS|TAMS 0x0000000089f00000, 0x0000000089f00000| Complete 
|2012|0x00000000ffe00000, 0x00000000ffe44000, 0x00000000fff00000| 26%|OA|  |TAMS 0x00000000ffe00000, 0x00000000ffe00000| Untracked 
|2013|0x00000000fff00000, 0x00000000fff6a000, 0x0000000100000000| 41%|CA|  |TAMS 0x00000000fff00000, 0x00000000fff00000| Untracked 

Card table byte_map: [0x00007fbc8cc10000,0x00007fbc8cfff000] _byte_map_base: 0x00007fbc8c7ff000

Marking Bits (Prev, Next): (CMBitMap*) 0x00007fbc88056f88, (CMBitMap*) 0x00007fbc88056fc0
 Prev Bits: [0x00007fbc6a080000, 0x00007fbc6bff8000)
 Next Bits: [0x00007fbc68100000, 0x00007fbc6a078000)

Polling page: 0x00007fbc91880000

Metaspace:

Usage:
  Non-class:     15.36 MB capacity,    14.92 MB ( 97%) used,   427.43 KB (  3%) free+waste,    23.69 KB ( <1%) overhead. 
      Class:      2.04 MB capacity,     1.84 MB ( 90%) used,   194.82 KB (  9%) free+waste,    10.62 KB ( <1%) overhead. 
       Both:     17.40 MB capacity,    16.76 MB ( 96%) used,   622.25 KB (  3%) free+waste,    34.31 KB ( <1%) overhead. 

Virtual space:
  Non-class space:       16.00 MB reserved,      15.50 MB ( 97%) committed 
      Class space:        1.00 GB reserved,       2.12 MB ( <1%) committed 
             Both:        1.02 GB reserved,      17.62 MB (  2%) committed 

Chunk freelists:
   Non-Class:  17.00 KB
       Class:  18.00 KB
        Both:  35.00 KB

MaxMetaspaceSize: unlimited
CompressedClassSpaceSize: 1.00 GB

CodeHeap 'non-profiled nmethods': size=120032Kb used=2443Kb max_used=2443Kb free=117588Kb
 bounds [0x00007fbc783f8000, 0x00007fbc78668000, 0x00007fbc7f930000]
CodeHeap 'profiled nmethods': size=120032Kb used=8400Kb max_used=8400Kb free=111631Kb
 bounds [0x00007fbc70ec0000, 0x00007fbc71700000, 0x00007fbc783f8000]
CodeHeap 'non-nmethods': size=5696Kb used=1154Kb max_used=1174Kb free=4541Kb
 bounds [0x00007fbc70930000, 0x00007fbc70ba0000, 0x00007fbc70ec0000]
 total_blobs=5442 nmethods=3889 adapters=381
 compilation: enabled
              stopped_count=0, restarted_count=0
 full_count=0

Compilation events (20 events):
Event: 8.704 Thread 0x00007fbc88120000 nmethod 3908 0x00007fbc70ec2910 code [0x00007fbc70ec2b00, 0x00007fbc70ec3058]
Event: 8.708 Thread 0x00007fbc88120000 3909  s    3       java.io.BufferedOutputStream::write (67 bytes)
Event: 8.708 Thread 0x00007fbc88120000 nmethod 3909 0x00007fbc716f3110 code [0x00007fbc716f3320, 0x00007fbc716f3bd8]
Event: 8.710 Thread 0x00007fbc88120000 3910       1       java.util.concurrent.atomic.AtomicInteger::get (5 bytes)
Event: 8.710 Thread 0x00007fbc88120000 nmethod 3910 0x00007fbc78657b10 code [0x00007fbc78657cc0, 0x00007fbc78657df0]
Event: 8.793 Thread 0x00007fbc88120000 3911       3       java.lang.StackTraceElement::of (68 bytes)
Event: 8.794 Thread 0x00007fbc88120000 nmethod 3911 0x00007fbc716f3e10 code [0x00007fbc716f4020, 0x00007fbc716f46f8]
Event: 9.101 Thread 0x00007fbc8811e000 3912       4       java.nio.ByteBuffer::flip (7 bytes)
Event: 9.102 Thread 0x00007fbc8811e000 nmethod 3912 0x00007fbc78657e90 code [0x00007fbc78658020, 0x00007fbc786580b8]
Event: 9.162 Thread 0x00007fbc8811e000 3913       4       java.lang.String::getChars (54 bytes)
Event: 9.168 Thread 0x00007fbc8811e000 nmethod 3913 0x00007fbc78658110 code [0x00007fbc786582c0, 0x00007fbc78658618]
Event: 9.203 Thread 0x00007fbc8811e000 3914       4       java.lang.String::valueOf (39 bytes)
Event: 9.207 Thread 0x00007fbc8811e000 nmethod 3914 0x00007fbc78658890 code [0x00007fbc78658a40, 0x00007fbc78658c38]
Event: 9.209 Thread 0x00007fbc8811e000 3915   !   4       java.nio.charset.CharsetEncoder::encode (285 bytes)
Event: 9.215 Thread 0x00007fbc8811e000 nmethod 3915 0x00007fbc78658d90 code [0x00007fbc78658f60, 0x00007fbc78659248]
Event: 9.215 Thread 0x00007fbc8811e000 3916       4       sun.nio.cs.UTF_8$Encoder::encodeLoop (28 bytes)
Event: 9.217 Thread 0x00007fbc8811e000 nmethod 3916 0x00007fbc78659690 code [0x00007fbc78659840, 0x00007fbc78659988]
Event: 9.235 Thread 0x00007fbc8811e000 3917       4       java.nio.ByteBuffer::clear (7 bytes)
Event: 9.236 Thread 0x00007fbc8811e000 nmethod 3917 0x00007fbc78659b10 code [0x00007fbc78659ca0, 0x00007fbc78659d38]
Event: 9.252 Thread 0x00007fbc8811e000 3918   !   4       java.io.BufferedWriter::write (117 bytes)

GC Heap History (8 events):
Event: 1.864 GC heap before
{Heap before GC invocations=0 (full 0):
 garbage-first heap   total 131072K, used 15032K [0x0000000082200000, 0x0000000100000000)
  region size 1024K, 14 young (14336K), 0 survivors (0K)
 Metaspace       used 3842K, capacity 6897K, committed 7168K, reserved 1056768K
  class space    used 413K, capacity 728K, committed 768K, reserved 1048576K
}
Event: 1.879 GC heap after
{Heap after GC invocations=1 (full 0):
 garbage-first heap   total 131072K, used 3349K [0x0000000082200000, 0x0000000100000000)
  region size 1024K, 2 young (2048K), 2 survivors (2048K)
 Metaspace       used 3842K, capacity 6897K, committed 7168K, reserved 1056768K
  class space    used 413K, capacity 728K, committed 768K, reserved 1048576K
}
Event: 4.426 GC heap before
{Heap before GC invocations=1 (full 0):
 garbage-first heap   total 131072K, used 78101K [0x0000000082200000, 0x0000000100000000)
  region size 1024K, 75 young (76800K), 2 survivors (2048K)
 Metaspace       used 12601K, capacity 14342K, committed 14592K, reserved 1062912K
  class space    used 1491K, capacity 1723K, committed 1792K, reserved 1048576K
}
Event: 4.449 GC heap after
{Heap after GC invocations=2 (full 0):
 garbage-first heap   total 131072K, used 9659K [0x0000000082200000, 0x0000000100000000)
  region size 1024K, 9 young (9216K), 9 survivors (9216K)
 Metaspace       used 12601K, capacity 14342K, committed 14592K, reserved 1062912K
  class space    used 1491K, capacity 1723K, committed 1792K, reserved 1048576K
}
Event: 5.487 GC heap before
{Heap before GC invocations=2 (full 0):
 garbage-first heap   total 131072K, used 77243K [0x0000000082200000, 0x0000000100000000)
  region size 1024K, 75 young (76800K), 9 survivors (9216K)
 Metaspace       used 13074K, capacity 14730K, committed 14848K, reserved 1062912K
  class space    used 1520K, capacity 1766K, committed 1792K, reserved 1048576K
}
Event: 5.524 GC heap after
{Heap after GC invocations=3 (full 0):
 garbage-first heap   total 131072K, used 16256K [0x0000000082200000, 0x0000000100000000)
  region size 1024K, 7 young (7168K), 7 survivors (7168K)
 Metaspace       used 13074K, capacity 14730K, committed 14848K, reserved 1062912K
  class space    used 1520K, capacity 1766K, committed 1792K, reserved 1048576K
}
Event: 7.297 GC heap before
{Heap before GC invocations=3 (full 0):
 garbage-first heap   total 131072K, used 85888K [0x0000000082200000, 0x0000000100000000)
  region size 1024K, 75 young (76800K), 7 survivors (7168K)
 Metaspace       used 15216K, capacity 16777K, committed 16896K, reserved 1064960K
  class space    used 1687K, capacity 1979K, committed 2048K, reserved 1048576K
}
Event: 7.337 GC heap after
{Heap after GC invocations=4 (full 0):
 garbage-first heap   total 131072K, used 19265K [0x0000000082200000, 0x0000000100000000)
  region size 1024K, 4 young (4096K), 4 survivors (4096K)
 Metaspace       used 15216K, capacity 16777K, committed 16896K, reserved 1064960K
  class space    used 1687K, capacity 1979K, committed 2048K, reserved 1048576K
}

Deoptimization events (20 events):
Event: 7.920 Thread 0x00007fbc88015000 Uncommon trap: trap_request=0xffffffde fr.pc=0x00007fbc78544f94 relative=0x0000000000000074
Event: 7.920 Thread 0x00007fbc88015000 Uncommon trap: reason=class_check action=maybe_recompile pc=0x00007fbc78544f94 method=java.util.Collections$UnmodifiableMap$UnmodifiableEntrySet$UnmodifiableEntry.getValue()Ljava/lang/Object; @ 4 c2
Event: 7.920 Thread 0x00007fbc88015000 DEOPT PACKING pc=0x00007fbc78544f94 sp=0x00007fbc9198dfc0
Event: 7.920 Thread 0x00007fbc88015000 DEOPT UNPACKING pc=0x00007fbc70958a25 sp=0x00007fbc9198df70 mode 2
Event: 7.920 Thread 0x00007fbc88015000 Uncommon trap: trap_request=0xffffffde fr.pc=0x00007fbc785413a0 relative=0x0000000000000080
Event: 7.920 Thread 0x00007fbc88015000 Uncommon trap: reason=class_check action=maybe_recompile pc=0x00007fbc785413a0 method=java.util.Collections$UnmodifiableMap$UnmodifiableEntrySet$1.hasNext()Z @ 4 c2
Event: 7.920 Thread 0x00007fbc88015000 DEOPT PACKING pc=0x00007fbc785413a0 sp=0x00007fbc9198dfd0
Event: 7.920 Thread 0x00007fbc88015000 DEOPT UNPACKING pc=0x00007fbc70958a25 sp=0x00007fbc9198df80 mode 2
Event: 7.920 Thread 0x00007fbc88015000 Uncommon trap: trap_request=0xffffffde fr.pc=0x00007fbc78544124 relative=0x00000000000004e4
Event: 7.920 Thread 0x00007fbc88015000 Uncommon trap: reason=class_check action=maybe_recompile pc=0x00007fbc78544124 method=java.util.Collections$UnmodifiableMap$UnmodifiableEntrySet$1.next()Ljava/util/Map$Entry; @ 8 c2
Event: 7.920 Thread 0x00007fbc88015000 DEOPT PACKING pc=0x00007fbc78544124 sp=0x00007fbc9198df90
Event: 7.920 Thread 0x00007fbc88015000 DEOPT UNPACKING pc=0x00007fbc70958a25 sp=0x00007fbc9198df10 mode 2
Event: 7.920 Thread 0x00007fbc88015000 Uncommon trap: trap_request=0xffffffde fr.pc=0x00007fbc78544c94 relative=0x0000000000000074
Event: 7.920 Thread 0x00007fbc88015000 Uncommon trap: reason=class_check action=maybe_recompile pc=0x00007fbc78544c94 method=java.util.Collections$UnmodifiableMap$UnmodifiableEntrySet$UnmodifiableEntry.getKey()Ljava/lang/Object; @ 4 c2
Event: 7.920 Thread 0x00007fbc88015000 DEOPT PACKING pc=0x00007fbc78544c94 sp=0x00007fbc9198dfd0
Event: 7.920 Thread 0x00007fbc88015000 DEOPT UNPACKING pc=0x00007fbc70958a25 sp=0x00007fbc9198df80 mode 2
Event: 7.920 Thread 0x00007fbc88015000 Uncommon trap: trap_request=0xffffffde fr.pc=0x00007fbc78544f94 relative=0x0000000000000074
Event: 7.920 Thread 0x00007fbc88015000 Uncommon trap: reason=class_check action=maybe_recompile pc=0x00007fbc78544f94 method=java.util.Collections$UnmodifiableMap$UnmodifiableEntrySet$UnmodifiableEntry.getValue()Ljava/lang/Object; @ 4 c2
Event: 7.920 Thread 0x00007fbc88015000 DEOPT PACKING pc=0x00007fbc78544f94 sp=0x00007fbc9198dfc0
Event: 7.920 Thread 0x00007fbc88015000 DEOPT UNPACKING pc=0x00007fbc70958a25 sp=0x00007fbc9198df70 mode 2

Classes redefined (0 events):
No events

Internal exceptions (18 events):
Event: 1.100 Thread 0x00007fbc88015000 Exception <a 'java/lang/NoSuchMethodError'{0x0000000089df04d0}: 'int java.lang.invoke.DirectMethodHandle$Holder.invokeSpecialIFC(java.lang.Object, java.lang.Object, int)'> (0x0000000089df04d0) thrown at [/build/openjdk-lts-ioLltV/openjdk-lts-11.0.5+10/src
Event: 3.438 Thread 0x00007fbc88015000 Exception <a 'java/lang/NoClassDefFoundError'{0x000000008725d340}: com/google/inject/servlet/ServletModuleTargetVisitor> (0x000000008725d340) thrown at [/build/openjdk-lts-ioLltV/openjdk-lts-11.0.5+10/src/hotspot/share/classfile/systemDictionary.cpp, line
Event: 3.438 Thread 0x00007fbc88015000 Exception <a 'java/lang/NoClassDefFoundError'{0x000000008725d340}> (0x000000008725d340) thrown at [/build/openjdk-lts-ioLltV/openjdk-lts-11.0.5+10/src/hotspot/share/prims/jvm.cpp, line 1301]
Event: 3.438 Thread 0x00007fbc88015000 Exception <a 'java/lang/NoClassDefFoundError'{0x0000000087260428}: javax/annotation/Priority> (0x0000000087260428) thrown at [/build/openjdk-lts-ioLltV/openjdk-lts-11.0.5+10/src/hotspot/share/classfile/systemDictionary.cpp, line 220]
Event: 3.740 Thread 0x00007fbc88015000 Implicit null exception at 0x00007fbc7841f304 to 0x00007fbc7841f81a
Event: 3.740 Thread 0x00007fbc88015000 Implicit null exception at 0x00007fbc7842e004 to 0x00007fbc7842e52e
Event: 4.642 Thread 0x00007fbc88015000 Implicit null exception at 0x00007fbc7843a585 to 0x00007fbc7843a762
Event: 4.642 Thread 0x00007fbc88015000 Implicit null exception at 0x00007fbc7849512f to 0x00007fbc784951ad
Event: 6.239 Thread 0x00007fbc88015000 Implicit null exception at 0x00007fbc7859eac0 to 0x00007fbc7859f44a
Event: 7.445 Thread 0x00007fbc88015000 Exception <a 'java/lang/NoSuchMethodError'{0x0000000089b4e068}: 'java.lang.String org.apache.maven.execution.MavenExecutionRequest.getFailureBehavior()'> (0x0000000089b4e068) thrown at [/build/openjdk-lts-ioLltV/openjdk-lts-11.0.5+10/src/hotspot/share/int
Event: 7.668 Thread 0x00007fbc88e0c000 Exception <a 'java/lang/NoSuchMethodError'{0x0000000089b9d1f8}: 'java.lang.Object java.lang.invoke.DirectMethodHandle$Holder.invokeStaticInit(java.lang.Object, java.lang.Object, long, java.lang.Object)'> (0x0000000089b9d1f8) thrown at [/build/openjdk-lts-
Event: 7.669 Thread 0x00007fbc88e0c000 Exception <a 'java/lang/NoSuchMethodError'{0x0000000089ba9358}: 'java.lang.Object java.lang.invoke.Invokers$Holder.linkToTargetMethod(java.lang.Object, long, java.lang.Object)'> (0x0000000089ba9358) thrown at [/build/openjdk-lts-ioLltV/openjdk-lts-11.0.5+
Event: 7.871 Thread 0x00007fbc88015000 Exception <a 'java/lang/NoSuchMethodError'{0x00000000880a1198}: 'java.lang.Object java.lang.invoke.DirectMethodHandle$Holder.invokeStatic(java.lang.Object, int, java.lang.Object)'> (0x00000000880a1198) thrown at [/build/openjdk-lts-ioLltV/openjdk-lts-11.0
Event: 7.953 Thread 0x00007fbc88015000 Exception <a 'java/lang/NoSuchMethodError'{0x0000000087f42ab8}: 'java.lang.Object java.lang.invoke.DirectMethodHandle$Holder.invokeStatic(java.lang.Object, java.lang.Object, java.lang.Object, int)'> (0x0000000087f42ab8) thrown at [/build/openjdk-lts-ioLlt
Event: 7.954 Thread 0x00007fbc88015000 Exception <a 'java/lang/NoSuchMethodError'{0x0000000087f46730}: 'java.lang.Object java.lang.invoke.DirectMethodHandle$Holder.invokeSpecial(java.lang.Object, java.lang.Object, java.lang.Object, java.lang.Object, int)'> (0x0000000087f46730) thrown at [/buil
Event: 7.954 Thread 0x00007fbc88015000 Exception <a 'java/lang/NoSuchMethodError'{0x0000000087f49bc8}: 'java.lang.Object java.lang.invoke.Invokers$Holder.linkToTargetMethod(java.lang.Object, java.lang.Object, int, java.lang.Object)'> (0x0000000087f49bc8) thrown at [/build/openjdk-lts-ioLltV/op
Event: 8.786 Thread 0x00007fbc88015000 Exception <a 'sun/nio/fs/UnixException'{0x0000000087c53e10}> (0x0000000087c53e10) thrown at [/build/openjdk-lts-ioLltV/openjdk-lts-11.0.5+10/src/hotspot/share/prims/jni.cpp, line 615]
Event: 8.787 Thread 0x00007fbc88015000 Exception <a 'java/lang/reflect/InvocationTargetException'{0x0000000087c54550}> (0x0000000087c54550) thrown at [/build/openjdk-lts-ioLltV/openjdk-lts-11.0.5+10/src/hotspot/share/runtime/reflection.cpp, line 1246]

Events (20 events):
Event: 8.783 loading class java/nio/file/WatchService
Event: 8.784 loading class java/nio/file/WatchService done
Event: 8.784 loading class java/nio/file/WatchEvent$Kind
Event: 8.784 loading class java/nio/file/WatchEvent$Kind done
Event: 8.784 loading class java/nio/file/WatchKey
Event: 8.784 loading class java/nio/file/WatchKey done
Event: 8.784 loading class java/nio/file/WatchEvent$Modifier
Event: 8.784 loading class java/nio/file/WatchEvent$Modifier done
Event: 8.785 loading class sun/nio/fs/UnixException
Event: 8.785 loading class sun/nio/fs/UnixException done
Event: 8.785 Executing VM operation: Deoptimize
Event: 8.786 Executing VM operation: Deoptimize done
Event: 8.786 loading class java/nio/file/DirectoryNotEmptyException
Event: 8.786 loading class java/nio/file/FileSystemException
Event: 8.787 loading class java/nio/file/FileSystemException done
Event: 8.787 loading class java/nio/file/DirectoryNotEmptyException done
Event: 8.793 loading class java/lang/Throwable$WrappedPrintWriter
Event: 8.793 loading class java/lang/Throwable$PrintStreamOrWriter
Event: 8.793 loading class java/lang/Throwable$PrintStreamOrWriter done
Event: 8.793 loading class java/lang/Throwable$WrappedPrintWriter done


Dynamic libraries:
82200000-8a000000 rw-p 00000000 00:00 0
8a000000-ffe00000 ---p 00000000 00:00 0
ffe00000-ffe44000 rw-p 01104000 00:00 186187                     /usr/lib/jvm/java-11-openjdk-amd64/lib/server/classes.jsa
ffe44000-fff00000 rw-p 00000000 00:00 0
fff00000-fff6a000 rw-p 0109a000 00:00 186187                     /usr/lib/jvm/java-11-openjdk-amd64/lib/server/classes.jsa
fff6a000-100000000 rw-p 00000000 00:00 0
800000000-800002000 rwxp 00001000 00:00 186187                   /usr/lib/jvm/java-11-openjdk-amd64/lib/server/classes.jsa
800002000-8003b8000 rw-p 00003000 00:00 186187                   /usr/lib/jvm/java-11-openjdk-amd64/lib/server/classes.jsa
8003b8000-800a8c000 r--p 003b9000 00:00 186187                   /usr/lib/jvm/java-11-openjdk-amd64/lib/server/classes.jsa
800a8c000-800a8d000 rw-p 00a8d000 00:00 186187                   /usr/lib/jvm/java-11-openjdk-amd64/lib/server/classes.jsa
800a8d000-801099000 r--p 00a8e000 00:00 186187                   /usr/lib/jvm/java-11-openjdk-amd64/lib/server/classes.jsa
840000000-840220000 rw-p 00000000 00:00 0
840220000-880000000 ---p 00000000 00:00 0
7fbbe8000000-7fbbe8021000 rw-p 00000000 00:00 0
7fbbe8021000-7fbbec000000 ---p 00000000 00:00 0
7fbbf0000000-7fbbf0021000 rw-p 00000000 00:00 0
7fbbf0021000-7fbbf4000000 ---p 00000000 00:00 0
7fbbf4000000-7fbbf4021000 rw-p 00000000 00:00 0
7fbbf4021000-7fbbf8000000 ---p 00000000 00:00 0
7fbbf8000000-7fbbf8021000 rw-p 00000000 00:00 0
7fbbf8021000-7fbbfc000000 ---p 00000000 00:00 0
7fbbfc000000-7fbbfc021000 rw-p 00000000 00:00 0
7fbbfc021000-7fbc00000000 ---p 00000000 00:00 0
7fbc00000000-7fbc00021000 rw-p 00000000 00:00 0
7fbc00021000-7fbc04000000 ---p 00000000 00:00 0
7fbc04000000-7fbc04021000 rw-p 00000000 00:00 0
7fbc04021000-7fbc08000000 ---p 00000000 00:00 0
7fbc08000000-7fbc08021000 rw-p 00000000 00:00 0
7fbc08021000-7fbc0c000000 ---p 00000000 00:00 0
7fbc0c000000-7fbc0c021000 rw-p 00000000 00:00 0
7fbc0c021000-7fbc10000000 ---p 00000000 00:00 0
7fbc10000000-7fbc10021000 rw-p 00000000 00:00 0
7fbc10021000-7fbc14000000 ---p 00000000 00:00 0
7fbc14000000-7fbc14021000 rw-p 00000000 00:00 0
7fbc14021000-7fbc18000000 ---p 00000000 00:00 0
7fbc18000000-7fbc18021000 rw-p 00000000 00:00 0
7fbc18021000-7fbc1c000000 ---p 00000000 00:00 0
7fbc1f250000-7fbc1f254000 ---p 00000000 00:00 0
7fbc1f254000-7fbc1f351000 rw-p 00000000 00:00 0
7fbc1f360000-7fbc1f364000 ---p 00000000 00:00 0
7fbc1f364000-7fbc1f461000 rw-p 00000000 00:00 0
7fbc1f470000-7fbc1f474000 ---p 00000000 00:00 0
7fbc1f474000-7fbc1f571000 rw-p 00000000 00:00 0
7fbc1f580000-7fbc1f584000 ---p 00000000 00:00 0
7fbc1f584000-7fbc1f681000 rw-p 00000000 00:00 0
7fbc1f690000-7fbc1f694000 ---p 00000000 00:00 0
7fbc1f694000-7fbc1f791000 rw-p 00000000 00:00 0
7fbc1f7a0000-7fbc1f7a4000 ---p 00000000 00:00 0
7fbc1f7a4000-7fbc1f8a1000 rw-p 00000000 00:00 0
7fbc1f8b0000-7fbc1f8b4000 ---p 00000000 00:00 0
7fbc1f8b4000-7fbc1f9b1000 rw-p 00000000 00:00 0
7fbc1f9c0000-7fbc1f9c4000 ---p 00000000 00:00 0
7fbc1f9c4000-7fbc1fac1000 rw-p 00000000 00:00 0
7fbc1fad0000-7fbc1fad4000 ---p 00000000 00:00 0
7fbc1fad4000-7fbc1fbd1000 rw-p 00000000 00:00 0
7fbc1fbe0000-7fbc1fbe4000 ---p 00000000 00:00 0
7fbc1fbe4000-7fbc1fce1000 rw-p 00000000 00:00 0
7fbc1fcf0000-7fbc1fcf4000 ---p 00000000 00:00 0
7fbc1fcf4000-7fbc1fdf1000 rw-p 00000000 00:00 0
7fbc1fe00000-7fbc1ff80000 rw-p 00000000 00:00 0
7fbc1ff80000-7fbc20000000 ---p 00000000 00:00 0
7fbc20000000-7fbc20021000 rw-p 00000000 00:00 0
7fbc20021000-7fbc24000000 ---p 00000000 00:00 0
7fbc24000000-7fbc24ed7000 rw-p 00000000 00:00 0
7fbc24ed7000-7fbc28000000 ---p 00000000 00:00 0
7fbc28000000-7fbc28021000 rw-p 00000000 00:00 0
7fbc28021000-7fbc2c000000 ---p 00000000 00:00 0
7fbc2c000000-7fbc2c021000 rw-p 00000000 00:00 0
7fbc2c021000-7fbc30000000 ---p 00000000 00:00 0
7fbc30000000-7fbc30021000 rw-p 00000000 00:00 0
7fbc30021000-7fbc34000000 ---p 00000000 00:00 0
7fbc34000000-7fbc34021000 rw-p 00000000 00:00 0
7fbc34021000-7fbc38000000 ---p 00000000 00:00 0
7fbc38000000-7fbc387d4000 rw-p 00000000 00:00 0
7fbc387d4000-7fbc3c000000 ---p 00000000 00:00 0
7fbc3c000000-7fbc3c021000 rw-p 00000000 00:00 0
7fbc3c021000-7fbc40000000 ---p 00000000 00:00 0
7fbc40000000-7fbc40021000 rw-p 00000000 00:00 0
7fbc40021000-7fbc44000000 ---p 00000000 00:00 0
7fbc44000000-7fbc453c9000 rw-p 00000000 00:00 0
7fbc453c9000-7fbc48000000 ---p 00000000 00:00 0
7fbc48000000-7fbc48021000 rw-p 00000000 00:00 0
7fbc48021000-7fbc4c000000 ---p 00000000 00:00 0
7fbc4c000000-7fbc4c021000 rw-p 00000000 00:00 0
7fbc4c021000-7fbc50000000 ---p 00000000 00:00 0
7fbc50000000-7fbc50021000 rw-p 00000000 00:00 0
7fbc50021000-7fbc54000000 ---p 00000000 00:00 0
7fbc54000000-7fbc54021000 rw-p 00000000 00:00 0
7fbc54021000-7fbc58000000 ---p 00000000 00:00 0
7fbc58000000-7fbc58021000 rw-p 00000000 00:00 0
7fbc58021000-7fbc5c000000 ---p 00000000 00:00 0
7fbc5c000000-7fbc5c021000 rw-p 00000000 00:00 0
7fbc5c021000-7fbc60000000 ---p 00000000 00:00 0
7fbc60030000-7fbc60034000 ---p 00000000 00:00 0
7fbc60034000-7fbc60052000 rw-p 00000000 00:00 0
7fbc60060000-7fbc60660000 rw-p 00000000 00:00 0
7fbc60660000-7fbc60664000 ---p 00000000 00:00 0
7fbc60664000-7fbc60761000 rw-p 00000000 00:00 0
7fbc60770000-7fbc60771000 ---p 00000000 00:00 0
7fbc60771000-7fbc60872000 rw-p 00000000 00:00 0
7fbc60880000-7fbc60881000 ---p 00000000 00:00 0
7fbc60881000-7fbc60982000 rw-p 00000000 00:00 0
7fbc60990000-7fbc60992000 r-xp 00000000 00:00 159667             /lib/x86_64-linux-gnu/libutil-2.27.so
7fbc60992000-7fbc60993000 ---p 00002000 00:00 159667             /lib/x86_64-linux-gnu/libutil-2.27.so
7fbc60993000-7fbc60b91000 ---p 00000003 00:00 159667             /lib/x86_64-linux-gnu/libutil-2.27.so
7fbc60b91000-7fbc60b92000 r--p 00001000 00:00 159667             /lib/x86_64-linux-gnu/libutil-2.27.so
7fbc60b92000-7fbc60b93000 rw-p 00002000 00:00 159667             /lib/x86_64-linux-gnu/libutil-2.27.so
7fbc60ba0000-7fbc60ba3000 r-xp 00000000 00:00 29708              /mnt/d/Caya/Descargas/apache-maven-3.6.1-bin/apache-maven-3.6.1/lib/jansi-native/linux64/libjansi.so
7fbc60ba3000-7fbc60bbb000 ---p 00003000 00:00 29708              /mnt/d/Caya/Descargas/apache-maven-3.6.1-bin/apache-maven-3.6.1/lib/jansi-native/linux64/libjansi.so
7fbc60bbb000-7fbc60da2000 ---p 0000001b 00:00 29708              /mnt/d/Caya/Descargas/apache-maven-3.6.1-bin/apache-maven-3.6.1/lib/jansi-native/linux64/libjansi.so
7fbc60da2000-7fbc60da3000 rw-p 00002000 00:00 29708              /mnt/d/Caya/Descargas/apache-maven-3.6.1-bin/apache-maven-3.6.1/lib/jansi-native/linux64/libjansi.so
7fbc60db0000-7fbc60de1000 rw-p 00000000 00:00 0
7fbc60df0000-7fbc60e06000 r-xp 00000000 00:00 175935             /usr/lib/jvm/java-11-openjdk-amd64/lib/libnet.so
7fbc60e06000-7fbc60e07000 ---p 00016000 00:00 175935             /usr/lib/jvm/java-11-openjdk-amd64/lib/libnet.so
7fbc60e07000-7fbc61005000 ---p 00000017 00:00 175935             /usr/lib/jvm/java-11-openjdk-amd64/lib/libnet.so
7fbc61005000-7fbc61006000 r--p 00015000 00:00 175935             /usr/lib/jvm/java-11-openjdk-amd64/lib/libnet.so
7fbc61006000-7fbc61007000 rw-p 00016000 00:00 175935             /usr/lib/jvm/java-11-openjdk-amd64/lib/libnet.so
7fbc61010000-7fbc61020000 r-xp 00000000 00:00 175936             /usr/lib/jvm/java-11-openjdk-amd64/lib/libnio.so
7fbc61020000-7fbc61021000 ---p 00010000 00:00 175936             /usr/lib/jvm/java-11-openjdk-amd64/lib/libnio.so
7fbc61021000-7fbc6121f000 ---p 00000011 00:00 175936             /usr/lib/jvm/java-11-openjdk-amd64/lib/libnio.so
7fbc6121f000-7fbc61220000 r--p 0000f000 00:00 175936             /usr/lib/jvm/java-11-openjdk-amd64/lib/libnio.so
7fbc61220000-7fbc61221000 rw-p 00010000 00:00 175936             /usr/lib/jvm/java-11-openjdk-amd64/lib/libnio.so
7fbc61230000-7fbc61234000 ---p 00000000 00:00 0
7fbc61234000-7fbc61331000 rw-p 00000000 00:00 0
7fbc61340000-7fbc61341000 ---p 00000000 00:00 0
7fbc61341000-7fbc61442000 rw-p 00000000 00:00 0
7fbc61450000-7fbc61454000 ---p 00000000 00:00 0
7fbc61454000-7fbc61551000 rw-p 00000000 00:00 0
7fbc61560000-7fbc61564000 ---p 00000000 00:00 0
7fbc61564000-7fbc61661000 rw-p 00000000 00:00 0
7fbc61670000-7fbc61674000 ---p 00000000 00:00 0
7fbc61674000-7fbc61771000 rw-p 00000000 00:00 0
7fbc61780000-7fbc61784000 ---p 00000000 00:00 0
7fbc61784000-7fbc61881000 rw-p 00000000 00:00 0
7fbc61890000-7fbc61894000 ---p 00000000 00:00 0
7fbc61894000-7fbc61991000 rw-p 00000000 00:00 0
7fbc61991000-7fbc619c2000 r--p 00000000 00:00 163767             /usr/lib/locale/C.UTF-8/LC_CTYPE
7fbc619c2000-7fbc61b35000 r--p 00000000 00:00 163766             /usr/lib/locale/C.UTF-8/LC_COLLATE
7fbc61b35000-7fbc61cd0000 r--p 00000000 00:00 163778             /usr/lib/locale/locale-archive
7fbc61cd0000-7fbc61cd4000 ---p 00000000 00:00 0
7fbc61cd4000-7fbc61dd1000 rw-p 00000000 00:00 0
7fbc61de0000-7fbc61de4000 ---p 00000000 00:00 0
7fbc61de4000-7fbc61ee1000 rw-p 00000000 00:00 0
7fbc61ef0000-7fbc61ef1000 ---p 00000000 00:00 0
7fbc61ef1000-7fbc61ff2000 rw-p 00000000 00:00 0
7fbc62000000-7fbc64021000 rw-p 00000000 00:00 0
7fbc64021000-7fbc68000000 ---p 00000000 00:00 0
7fbc68010000-7fbc68091000 rw-p 00000000 00:00 0
7fbc680a0000-7fbc680fb000 rw-p 00000000 00:00 0
7fbc68100000-7fbc682f8000 rw-p 00000000 00:00 0
7fbc682f8000-7fbc6a070000 ---p 00000000 00:00 0
7fbc6a070000-7fbc6a078000 rw-p 00000000 00:00 0
7fbc6a080000-7fbc6a278000 rw-p 00000000 00:00 0
7fbc6a278000-7fbc6bff0000 ---p 00000000 00:00 0
7fbc6bff0000-7fbc6bff8000 rw-p 00000000 00:00 0
7fbc6c000000-7fbc6c021000 rw-p 00000000 00:00 0
7fbc6c021000-7fbc70000000 ---p 00000000 00:00 0
7fbc70020000-7fbc70820000 rw-p 00000000 00:00 0
7fbc70820000-7fbc70821000 ---p 00000000 00:00 0
7fbc70821000-7fbc70922000 rw-p 00000000 00:00 0
7fbc70930000-7fbc70ba0000 rwxp 00000000 00:00 0
7fbc70ba0000-7fbc70ec0000 ---p 00000000 00:00 0
7fbc70ec0000-7fbc71700000 rwxp 00000000 00:00 0
7fbc71700000-7fbc783f8000 ---p 00000000 00:00 0
7fbc783f8000-7fbc78668000 rwxp 00000000 00:00 0
7fbc78668000-7fbc7f930000 ---p 00000000 00:00 0
7fbc7f93e000-7fbc88000000 r--s 00000000 00:00 175945             /usr/lib/jvm/java-11-openjdk-amd64/lib/modules
7fbc88000000-7fbc88ec0000 rw-p 00000000 00:00 0
7fbc88ec0000-7fbc8c000000 ---p 00000000 00:00 0
7fbc8c000000-7fbc8c028000 rw-p 00000000 00:00 0
7fbc8c030000-7fbc8c051000 rw-p 00000000 00:00 0
7fbc8c060000-7fbc8c061000 ---p 00000000 00:00 0
7fbc8c061000-7fbc8c162000 rw-p 00000000 00:00 0
7fbc8c170000-7fbc8c271000 rw-p 00000000 00:00 0
7fbc8c280000-7fbc8c381000 rw-p 00000000 00:00 0
7fbc8c390000-7fbc8c491000 rw-p 00000000 00:00 0
7fbc8c4a0000-7fbc8c5a1000 rw-p 00000000 00:00 0
7fbc8c5b0000-7fbc8c5b1000 ---p 00000000 00:00 0
7fbc8c5b1000-7fbc8c6b2000 rw-p 00000000 00:00 0
7fbc8c6c0000-7fbc8c6c1000 ---p 00000000 00:00 0
7fbc8c6c1000-7fbc8c7c2000 rw-p 00000000 00:00 0
7fbc8c7d0000-7fbc8c813000 rw-p 00000000 00:00 0
7fbc8c820000-7fbc8c85f000 rw-p 00000000 00:00 0
7fbc8c85f000-7fbc8cc0e000 ---p 00000000 00:00 0
7fbc8cc0e000-7fbc8cc0f000 rw-p 00000000 00:00 0
7fbc8cc10000-7fbc8cc4f000 rw-p 00000000 00:00 0
7fbc8cc4f000-7fbc8cffe000 ---p 00000000 00:00 0
7fbc8cffe000-7fbc8cfff000 rw-p 00000000 00:00 0
7fbc8d000000-7fbc8d03f000 rw-p 00000000 00:00 0
7fbc8d03f000-7fbc8d3ee000 ---p 00000000 00:00 0
7fbc8d3ee000-7fbc8d3ef000 rw-p 00000000 00:00 0
7fbc8d3f0000-7fbc8d4f1000 rw-p 00000000 00:00 0
7fbc8d500000-7fbc8d601000 rw-p 00000000 00:00 0
7fbc8d610000-7fbc8d711000 rw-p 00000000 00:00 0
7fbc8d720000-7fbc8d821000 rw-p 00000000 00:00 0
7fbc8d830000-7fbc8d831000 ---p 00000000 00:00 0
7fbc8d831000-7fbc8d932000 rw-p 00000000 00:00 0
7fbc8d940000-7fbc8d945000 r-xp 00000000 00:00 175927             /usr/lib/jvm/java-11-openjdk-amd64/lib/libjimage.so
7fbc8d945000-7fbc8d946000 ---p 00005000 00:00 175927             /usr/lib/jvm/java-11-openjdk-amd64/lib/libjimage.so
7fbc8d946000-7fbc8db44000 ---p 00000006 00:00 175927             /usr/lib/jvm/java-11-openjdk-amd64/lib/libjimage.so
7fbc8db44000-7fbc8db45000 r--p 00004000 00:00 175927             /usr/lib/jvm/java-11-openjdk-amd64/lib/libjimage.so
7fbc8db45000-7fbc8db46000 rw-p 00005000 00:00 175927             /usr/lib/jvm/java-11-openjdk-amd64/lib/libjimage.so
7fbc8db50000-7fbc8db57000 r-xp 00000000 00:00 175944             /usr/lib/jvm/java-11-openjdk-amd64/lib/libzip.so
7fbc8db57000-7fbc8db58000 ---p 00007000 00:00 175944             /usr/lib/jvm/java-11-openjdk-amd64/lib/libzip.so
7fbc8db58000-7fbc8dd56000 ---p 00000008 00:00 175944             /usr/lib/jvm/java-11-openjdk-amd64/lib/libzip.so
7fbc8dd56000-7fbc8dd57000 r--p 00006000 00:00 175944             /usr/lib/jvm/java-11-openjdk-amd64/lib/libzip.so
7fbc8dd57000-7fbc8dd58000 rw-p 00007000 00:00 175944             /usr/lib/jvm/java-11-openjdk-amd64/lib/libzip.so
7fbc8dd60000-7fbc8dd6b000 r-xp 00000000 00:00 159555             /lib/x86_64-linux-gnu/libnss_files-2.27.so
7fbc8dd6b000-7fbc8dd6c000 ---p 0000b000 00:00 159555             /lib/x86_64-linux-gnu/libnss_files-2.27.so
7fbc8dd6c000-7fbc8df6a000 ---p 0000000c 00:00 159555             /lib/x86_64-linux-gnu/libnss_files-2.27.so
7fbc8df6a000-7fbc8df6b000 r--p 0000a000 00:00 159555             /lib/x86_64-linux-gnu/libnss_files-2.27.so
7fbc8df6b000-7fbc8df6c000 rw-p 0000b000 00:00 159555             /lib/x86_64-linux-gnu/libnss_files-2.27.so
7fbc8df6c000-7fbc8df72000 rw-p 00000000 00:00 0
7fbc8df80000-7fbc8df97000 r-xp 00000000 00:00 159547             /lib/x86_64-linux-gnu/libnsl-2.27.so
7fbc8df97000-7fbc8df98000 ---p 00017000 00:00 159547             /lib/x86_64-linux-gnu/libnsl-2.27.so
7fbc8df98000-7fbc8e196000 ---p 00000018 00:00 159547             /lib/x86_64-linux-gnu/libnsl-2.27.so
7fbc8e196000-7fbc8e197000 r--p 00016000 00:00 159547             /lib/x86_64-linux-gnu/libnsl-2.27.so
7fbc8e197000-7fbc8e198000 rw-p 00017000 00:00 159547             /lib/x86_64-linux-gnu/libnsl-2.27.so
7fbc8e198000-7fbc8e19a000 rw-p 00000000 00:00 0
7fbc8e1a0000-7fbc8e1ab000 r-xp 00000000 00:00 159560             /lib/x86_64-linux-gnu/libnss_nis-2.27.so
7fbc8e1ab000-7fbc8e1ac000 ---p 0000b000 00:00 159560             /lib/x86_64-linux-gnu/libnss_nis-2.27.so
7fbc8e1ac000-7fbc8e3aa000 ---p 0000000c 00:00 159560             /lib/x86_64-linux-gnu/libnss_nis-2.27.so
7fbc8e3aa000-7fbc8e3ab000 r--p 0000a000 00:00 159560             /lib/x86_64-linux-gnu/libnss_nis-2.27.so
7fbc8e3ab000-7fbc8e3ac000 rw-p 0000b000 00:00 159560             /lib/x86_64-linux-gnu/libnss_nis-2.27.so
7fbc8e3b0000-7fbc8e3b8000 r-xp 00000000 00:00 159549             /lib/x86_64-linux-gnu/libnss_compat-2.27.so
7fbc8e3b8000-7fbc8e3ba000 ---p 00008000 00:00 159549             /lib/x86_64-linux-gnu/libnss_compat-2.27.so
7fbc8e3ba000-7fbc8e5b8000 ---p 0000000a 00:00 159549             /lib/x86_64-linux-gnu/libnss_compat-2.27.so
7fbc8e5b8000-7fbc8e5b9000 r--p 00008000 00:00 159549             /lib/x86_64-linux-gnu/libnss_compat-2.27.so
7fbc8e5b9000-7fbc8e5ba000 rw-p 00009000 00:00 159549             /lib/x86_64-linux-gnu/libnss_compat-2.27.so
7fbc8e5c0000-7fbc8e5e9000 r-xp 00000000 00:00 175923             /usr/lib/jvm/java-11-openjdk-amd64/lib/libjava.so
7fbc8e5e9000-7fbc8e5eb000 ---p 00029000 00:00 175923             /usr/lib/jvm/java-11-openjdk-amd64/lib/libjava.so
7fbc8e5eb000-7fbc8e7e8000 ---p 0000002b 00:00 175923             /usr/lib/jvm/java-11-openjdk-amd64/lib/libjava.so
7fbc8e7e8000-7fbc8e7e9000 r--p 00028000 00:00 175923             /usr/lib/jvm/java-11-openjdk-amd64/lib/libjava.so
7fbc8e7e9000-7fbc8e7eb000 rw-p 00029000 00:00 175923             /usr/lib/jvm/java-11-openjdk-amd64/lib/libjava.so
7fbc8e7f0000-7fbc8e7fd000 r-xp 00000000 00:00 175943             /usr/lib/jvm/java-11-openjdk-amd64/lib/libverify.so
7fbc8e7fd000-7fbc8e7ff000 ---p 0000d000 00:00 175943             /usr/lib/jvm/java-11-openjdk-amd64/lib/libverify.so
7fbc8e7ff000-7fbc8e9fc000 ---p 0000000f 00:00 175943             /usr/lib/jvm/java-11-openjdk-amd64/lib/libverify.so
7fbc8e9fc000-7fbc8e9fe000 r--p 0000c000 00:00 175943             /usr/lib/jvm/java-11-openjdk-amd64/lib/libverify.so
7fbc8e9fe000-7fbc8e9ff000 rw-p 0000e000 00:00 175943             /usr/lib/jvm/java-11-openjdk-amd64/lib/libverify.so
7fbc8ea00000-7fbc8ea07000 r-xp 00000000 00:00 159615             /lib/x86_64-linux-gnu/librt-2.27.so
7fbc8ea07000-7fbc8ea08000 ---p 00007000 00:00 159615             /lib/x86_64-linux-gnu/librt-2.27.so
7fbc8ea08000-7fbc8ec06000 ---p 00000008 00:00 159615             /lib/x86_64-linux-gnu/librt-2.27.so
7fbc8ec06000-7fbc8ec07000 r--p 00006000 00:00 159615             /lib/x86_64-linux-gnu/librt-2.27.so
7fbc8ec07000-7fbc8ec08000 rw-p 00007000 00:00 159615             /lib/x86_64-linux-gnu/librt-2.27.so
7fbc8ec10000-7fbc8ec27000 r-xp 00000000 00:00 163976             /lib/x86_64-linux-gnu/libgcc_s.so.1
7fbc8ec27000-7fbc8ec28000 ---p 00017000 00:00 163976             /lib/x86_64-linux-gnu/libgcc_s.so.1
7fbc8ec28000-7fbc8ee26000 ---p 00000018 00:00 163976             /lib/x86_64-linux-gnu/libgcc_s.so.1
7fbc8ee26000-7fbc8ee27000 r--p 00016000 00:00 163976             /lib/x86_64-linux-gnu/libgcc_s.so.1
7fbc8ee27000-7fbc8ee28000 rw-p 00017000 00:00 163976             /lib/x86_64-linux-gnu/libgcc_s.so.1
7fbc8ee30000-7fbc8efcd000 r-xp 00000000 00:00 159502             /lib/x86_64-linux-gnu/libm-2.27.so
7fbc8efcd000-7fbc8efd0000 ---p 0019d000 00:00 159502             /lib/x86_64-linux-gnu/libm-2.27.so
7fbc8efd0000-7fbc8f1cc000 ---p 000001a0 00:00 159502             /lib/x86_64-linux-gnu/libm-2.27.so
7fbc8f1cc000-7fbc8f1cd000 r--p 0019c000 00:00 159502             /lib/x86_64-linux-gnu/libm-2.27.so
7fbc8f1cd000-7fbc8f1ce000 rw-p 0019d000 00:00 159502             /lib/x86_64-linux-gnu/libm-2.27.so
7fbc8f1d0000-7fbc8f349000 r-xp 00000000 00:00 175584             /usr/lib/x86_64-linux-gnu/libstdc++.so.6.0.25
7fbc8f349000-7fbc8f356000 ---p 00179000 00:00 175584             /usr/lib/x86_64-linux-gnu/libstdc++.so.6.0.25
7fbc8f356000-7fbc8f549000 ---p 00000186 00:00 175584             /usr/lib/x86_64-linux-gnu/libstdc++.so.6.0.25
7fbc8f549000-7fbc8f553000 r--p 00179000 00:00 175584             /usr/lib/x86_64-linux-gnu/libstdc++.so.6.0.25
7fbc8f553000-7fbc8f555000 rw-p 00183000 00:00 175584             /usr/lib/x86_64-linux-gnu/libstdc++.so.6.0.25
7fbc8f555000-7fbc8f559000 rw-p 00000000 00:00 0
7fbc8f560000-7fbc90634000 r-xp 00000000 00:00 175949             /usr/lib/jvm/java-11-openjdk-amd64/lib/server/libjvm.so
7fbc90634000-7fbc9072b000 ---p 010d4000 00:00 175949             /usr/lib/jvm/java-11-openjdk-amd64/lib/server/libjvm.so
7fbc9072b000-7fbc90834000 ---p 000011cb 00:00 175949             /usr/lib/jvm/java-11-openjdk-amd64/lib/server/libjvm.so
7fbc90834000-7fbc908f1000 r--p 010d4000 00:00 175949             /usr/lib/jvm/java-11-openjdk-amd64/lib/server/libjvm.so
7fbc908f1000-7fbc9092a000 rw-p 01191000 00:00 175949             /usr/lib/jvm/java-11-openjdk-amd64/lib/server/libjvm.so
7fbc9092a000-7fbc90981000 rw-p 00000000 00:00 0
7fbc90990000-7fbc909aa000 r-xp 00000000 00:00 159603             /lib/x86_64-linux-gnu/libpthread-2.27.so
7fbc909aa000-7fbc909b4000 ---p 0001a000 00:00 159603             /lib/x86_64-linux-gnu/libpthread-2.27.so
7fbc909b4000-7fbc90ba9000 ---p 00000024 00:00 159603             /lib/x86_64-linux-gnu/libpthread-2.27.so
7fbc90ba9000-7fbc90baa000 r--p 00019000 00:00 159603             /lib/x86_64-linux-gnu/libpthread-2.27.so
7fbc90baa000-7fbc90bab000 rw-p 0001a000 00:00 159603             /lib/x86_64-linux-gnu/libpthread-2.27.so
7fbc90bab000-7fbc90baf000 rw-p 00000000 00:00 0
7fbc90bb0000-7fbc90bb3000 r-xp 00000000 00:00 159450             /lib/x86_64-linux-gnu/libdl-2.27.so
7fbc90bb3000-7fbc90bb4000 ---p 00003000 00:00 159450             /lib/x86_64-linux-gnu/libdl-2.27.so
7fbc90bb4000-7fbc90db2000 ---p 00000004 00:00 159450             /lib/x86_64-linux-gnu/libdl-2.27.so
7fbc90db2000-7fbc90db3000 r--p 00002000 00:00 159450             /lib/x86_64-linux-gnu/libdl-2.27.so
7fbc90db3000-7fbc90db4000 rw-p 00003000 00:00 159450             /lib/x86_64-linux-gnu/libdl-2.27.so
7fbc90dc0000-7fbc90ddc000 r-xp 00000000 00:00 159678             /lib/x86_64-linux-gnu/libz.so.1.2.11
7fbc90ddc000-7fbc90ddd000 ---p 0001c000 00:00 159678             /lib/x86_64-linux-gnu/libz.so.1.2.11
7fbc90ddd000-7fbc90fdb000 ---p 0000001d 00:00 159678             /lib/x86_64-linux-gnu/libz.so.1.2.11
7fbc90fdb000-7fbc90fdc000 r--p 0001b000 00:00 159678             /lib/x86_64-linux-gnu/libz.so.1.2.11
7fbc90fdc000-7fbc90fdd000 rw-p 0001c000 00:00 159678             /lib/x86_64-linux-gnu/libz.so.1.2.11
7fbc90fe0000-7fbc911c7000 r-xp 00000000 00:00 159409             /lib/x86_64-linux-gnu/libc-2.27.so
7fbc911c7000-7fbc911d0000 ---p 001e7000 00:00 159409             /lib/x86_64-linux-gnu/libc-2.27.so
7fbc911d0000-7fbc913c7000 ---p 000001f0 00:00 159409             /lib/x86_64-linux-gnu/libc-2.27.so
7fbc913c7000-7fbc913cb000 r--p 001e7000 00:00 159409             /lib/x86_64-linux-gnu/libc-2.27.so
7fbc913cb000-7fbc913cd000 rw-p 001eb000 00:00 159409             /lib/x86_64-linux-gnu/libc-2.27.so
7fbc913cd000-7fbc913d1000 rw-p 00000000 00:00 0
7fbc913e0000-7fbc913f0000 r-xp 00000000 00:00 172065             /usr/lib/jvm/java-11-openjdk-amd64/lib/jli/libjli.so
7fbc913f0000-7fbc913f1000 ---p 00010000 00:00 172065             /usr/lib/jvm/java-11-openjdk-amd64/lib/jli/libjli.so
7fbc913f1000-7fbc915ef000 ---p 00000011 00:00 172065             /usr/lib/jvm/java-11-openjdk-amd64/lib/jli/libjli.so
7fbc915ef000-7fbc915f0000 r--p 0000f000 00:00 172065             /usr/lib/jvm/java-11-openjdk-amd64/lib/jli/libjli.so
7fbc915f0000-7fbc915f1000 rw-p 00010000 00:00 172065             /usr/lib/jvm/java-11-openjdk-amd64/lib/jli/libjli.so
7fbc91600000-7fbc91626000 r-xp 00000000 00:00 159355             /lib/x86_64-linux-gnu/ld-2.27.so
7fbc91626000-7fbc91627000 r-xp 00026000 00:00 159355             /lib/x86_64-linux-gnu/ld-2.27.so
7fbc91640000-7fbc91645000 rw-p 00000000 00:00 0
7fbc91645000-7fbc9172b000 ---p 00000000 00:00 0
7fbc91730000-7fbc91741000 rw-p 00000000 00:00 0
7fbc91741000-7fbc9181b000 ---p 00000000 00:00 0
7fbc91827000-7fbc91828000 r--p 00027000 00:00 159355             /lib/x86_64-linux-gnu/ld-2.27.so
7fbc91828000-7fbc91829000 rw-p 00028000 00:00 159355             /lib/x86_64-linux-gnu/ld-2.27.so
7fbc91829000-7fbc9182a000 rw-p 00000000 00:00 0
7fbc91840000-7fbc91861000 rw-p 00000000 00:00 0
7fbc91870000-7fbc91875000 rw-p 00000000 00:00 0
7fbc91875000-7fbc9187c000 ---p 00000000 00:00 0
7fbc91880000-7fbc91881000 ---p 00000000 00:00 0
7fbc91881000-7fbc91882000 r--p 00000000 00:00 0
7fbc91890000-7fbc91894000 ---p 00000000 00:00 0
7fbc91894000-7fbc91991000 rw-p 00000000 00:00 0
7fbc91995000-7fbc91996000 r--p 00000000 00:00 163774             /usr/lib/locale/C.UTF-8/LC_NUMERIC
7fbc91996000-7fbc91997000 r--p 00000000 00:00 163777             /usr/lib/locale/C.UTF-8/LC_TIME
7fbc91997000-7fbc91998000 r--p 00000000 00:00 163772             /usr/lib/locale/C.UTF-8/LC_MONETARY
7fbc91998000-7fbc91999000 r--p 00000000 00:00 163771             /usr/lib/locale/C.UTF-8/LC_MESSAGES/SYS_LC_MESSAGES
7fbc91999000-7fbc919a0000 r--s 00000000 00:00 169677             /usr/lib/x86_64-linux-gnu/gconv/gconv-modules.cache
7fbc919a0000-7fbc919a2000 rw-p 00000000 00:00 0
7fbc919a2000-7fbc919a3000 r--p 00000000 00:00 163775             /usr/lib/locale/C.UTF-8/LC_PAPER
7fbc919a3000-7fbc919a4000 r--p 00000000 00:00 163773             /usr/lib/locale/C.UTF-8/LC_NAME
7fbc919a4000-7fbc919a5000 r--p 00000000 00:00 163765             /usr/lib/locale/C.UTF-8/LC_ADDRESS
7fbc919a5000-7fbc919a6000 r--p 00000000 00:00 163776             /usr/lib/locale/C.UTF-8/LC_TELEPHONE
7fbc919a6000-7fbc919a7000 r--p 00000000 00:00 163769             /usr/lib/locale/C.UTF-8/LC_MEASUREMENT
7fbc919a7000-7fbc919a8000 r--p 00000000 00:00 163768             /usr/lib/locale/C.UTF-8/LC_IDENTIFICATION
7fbc919a8000-7fbc919b0000 rw-s 00000000 00:00 57013              /tmp/hsperfdata_caya/11942
7fbc919b0000-7fbc919b2000 rw-p 00000000 00:00 0
7fbc919b2000-7fbc919b4000 r--s 00007000 00:00 288075             /usr/share/java/java-atk-wrapper.jar
7fbc91a00000-7fbc91a01000 r-xp 00000000 00:00 161964             /usr/lib/jvm/java-11-openjdk-amd64/bin/java
7fbc91c01000-7fbc91c02000 r--p 00001000 00:00 161964             /usr/lib/jvm/java-11-openjdk-amd64/bin/java
7fbc91c02000-7fbc91c03000 rw-p 00002000 00:00 161964             /usr/lib/jvm/java-11-openjdk-amd64/bin/java
7fffeb21c000-7fffeb23d000 rw-p 00000000 00:00 0                  [heap]
7ffff2b12000-7ffff3312000 rw-p 00000000 00:00 0                  [stack]
7ffff3886000-7ffff3887000 r-xp 00000000 00:00 0                  [vdso]


VM Arguments:
jvm_args: -Dclassworlds.conf=/mnt/d/Caya/Descargas/apache-maven-3.6.1-bin/apache-maven-3.6.1/bin/m2.conf -Dmaven.home=/mnt/d/Caya/Descargas/apache-maven-3.6.1-bin/apache-maven-3.6.1 -Dlibrary.jansi.path=/mnt/d/Caya/Descargas/apache-maven-3.6.1-bin/apache-maven-3.6.1/lib/jansi-native -Dmaven.multiModuleProjectDirectory=/mnt/c/Users/Caya/Desktop/Trabajo/trabajo/demo 
java_command: org.codehaus.plexus.classworlds.launcher.Launcher install
java_class_path (initial): /mnt/d/Caya/Descargas/apache-maven-3.6.1-bin/apache-maven-3.6.1/boot/plexus-classworlds-2.6.0.jar
Launcher Type: SUN_STANDARD

[Global flags]
     intx CICompilerCount                          = 3                                         {product} {ergonomic}
     uint ConcGCThreads                            = 1                                         {product} {ergonomic}
     uint G1ConcRefinementThreads                  = 4                                         {product} {ergonomic}
   size_t G1HeapRegionSize                         = 1048576                                   {product} {ergonomic}
    uintx GCDrainStackTargetSize                   = 64                                        {product} {ergonomic}
   size_t InitialHeapSize                          = 132120576                                 {product} {ergonomic}
   size_t MarkStackSize                            = 4194304                                   {product} {ergonomic}
   size_t MaxHeapSize                              = 2111832064                                {product} {ergonomic}
   size_t MaxNewSize                               = 1266679808                                {product} {ergonomic}
   size_t MinHeapDeltaBytes                        = 1048576                                   {product} {ergonomic}
    uintx NonNMethodCodeHeapSize                   = 5830732                                {pd product} {ergonomic}
    uintx NonProfiledCodeHeapSize                  = 122913754                              {pd product} {ergonomic}
    uintx ProfiledCodeHeapSize                     = 122913754                              {pd product} {ergonomic}
    uintx ReservedCodeCacheSize                    = 251658240                              {pd product} {ergonomic}
     bool SegmentedCodeCache                       = true                                      {product} {ergonomic}
     bool UseCompressedClassPointers               = true                                 {lp64_product} {ergonomic}
     bool UseCompressedOops                        = true                                 {lp64_product} {ergonomic}
     bool UseG1GC                                  = true                                      {product} {ergonomic}

Logging:
Log output configuration:
 #0: stdout all=warning uptime,level,tags
 #1: stderr all=off uptime,level,tags

Environment Variables:
PATH=/home/caya/.local/bin:/usr/local/sbin:/usr/local/bin:/usr/sbin:/usr/bin:/sbin:/bin:/usr/games:/usr/local/games:/mnt/d/app/Caya/product/11.2.0/dbhome_2/bin:/mnt/c/Program Files (x86)/Common Files/Oracle/Java/javapath:/mnt/c/Windows/system32:/mnt/c/Windows:/mnt/c/Windows/System32/Wbem:/mnt/c/Windows/System32/WindowsPowerShell/v1.0/:/mnt/c/Windows/System32/OpenSSH/:/mnt/c/Program Files (x86)/NVIDIA Corporation/PhysX/Common:/mnt/c/Program Files/NVIDIA Corporation/NVIDIA NvDLISR:/mnt/c/Program Files/Java/jdk-11.0.4/bin:/mnt/d/Caya/Descargas/apache-maven-3.6.1-bin/apache-maven-3.6.1/bin:/mnt/c/Program Files/Git/cmd:/mnt/c/WINDOWS/system32:/mnt/c/WINDOWS:/mnt/c/WINDOWS/System32/Wbem:/mnt/c/WINDOWS/System32/WindowsPowerShell/v1.0/:/mnt/c/WINDOWS/System32/OpenSSH/:/mnt/c/Users/Caya/AppData/Local/Programs/Python/Python37/Scripts/:/mnt/c/Users/Caya/AppData/Local/Programs/Python/Python37/:/mnt/c/Users/Caya/AppData/Local/Microsoft/WindowsApps:/mnt/c/Users/Caya/AppData/Local/atom/bin:/mnt/c/Users/Caya/AppData/Local/hyper/app-3.0.2/resources/bin:/mnt/c/Users/Caya/AppData/Local/GitHubDesktop/bin:/mnt/c/Users/Caya/AppData/Local/Programs/Microsoft VS Code/bin:/snap/bin
SHELL=/bin/bash
HOSTTYPE=x86_64

Signal Handlers:
SIGSEGV: [libjvm.so+0xbc3040], sa_mask[0]=11111111111111111111111111111110, sa_flags=SA_RESTART|SA_SIGINFO
SIGBUS: [libjvm.so+0xbc3040], sa_mask[0]=11111111111111111111111111111110, sa_flags=SA_RESTART|SA_SIGINFO
SIGFPE: [libjvm.so+0xbc3040], sa_mask[0]=11111111111111111111111111111110, sa_flags=SA_RESTART|SA_SIGINFO
SIGPIPE: [libjvm.so+0xbc3040], sa_mask[0]=11111111111111111111111111111110, sa_flags=SA_RESTART|SA_SIGINFO
SIGXFSZ: [libjvm.so+0xbc3040], sa_mask[0]=11111111111111111111111111111110, sa_flags=SA_RESTART|SA_SIGINFO
SIGILL: [libjvm.so+0xbc3040], sa_mask[0]=11111111111111111111111111111110, sa_flags=SA_RESTART|SA_SIGINFO
SIGUSR2: [libjvm.so+0xbc2ee0], sa_mask[0]=00000000000000000000000000000000, sa_flags=SA_RESTART|SA_SIGINFO
SIGHUP: [libjvm.so+0xbc3240], sa_mask[0]=11111111111111111111111111111110, sa_flags=SA_RESTART|SA_SIGINFO
SIGINT: [libjvm.so+0xbc3240], sa_mask[0]=11111111111111111111111111111110, sa_flags=SA_RESTART|SA_SIGINFO
SIGTERM: [libjvm.so+0xbc3240], sa_mask[0]=11111111111111111111111111111110, sa_flags=SA_RESTART|SA_SIGINFO
SIGQUIT: [libjvm.so+0xbc3240], sa_mask[0]=11111111111111111111111111111110, sa_flags=SA_RESTART|SA_SIGINFO


---------------  S Y S T E M  ---------------

OS:DISTRIB_ID=Ubuntu
DISTRIB_RELEASE=18.04
DISTRIB_CODENAME=bionic
DISTRIB_DESCRIPTION="Ubuntu 18.04.3 LTS"
uname:Linux 4.4.0-18362-Microsoft #476-Microsoft Fri Nov 01 16:53:00 PST 2019 x86_64
libc:glibc 2.27 NPTL 2.27 
rlimit: STACK 8192k, CORE 0k, NPROC 7823, NOFILE 65536, AS infinity, DATA infinity, FSIZE infinity
load average:0.52 0.58 0.59

/proc/meminfo:
MemTotal:        8247452 kB
MemFree:          479480 kB
Buffers:           34032 kB
Cached:           188576 kB
SwapCached:            0 kB
Active:           167556 kB
Inactive:         157876 kB
Active(anon):     103104 kB
Inactive(anon):    17440 kB
Active(file):      64452 kB
Inactive(file):   140436 kB
Unevictable:           0 kB
Mlocked:               0 kB
SwapTotal:      15550460 kB
SwapFree:       11919828 kB
Dirty:                 0 kB
Writeback:             0 kB
AnonPages:        102824 kB
Mapped:            71404 kB
Shmem:             17720 kB
Slab:              13868 kB
SReclaimable:       6744 kB
SUnreclaim:         7124 kB
KernelStack:        2848 kB
PageTables:         2524 kB
NFS_Unstable:          0 kB
Bounce:                0 kB
WritebackTmp:          0 kB
CommitLimit:      515524 kB
Committed_AS:    3450064 kB
VmallocTotal:     122880 kB
VmallocUsed:       21296 kB
VmallocChunk:      66044 kB
HardwareCorrupted:     0 kB
AnonHugePages:      2048 kB
HugePages_Total:       0
HugePages_Free:        0
HugePages_Rsvd:        0
HugePages_Surp:        0
Hugepagesize:       2048 kB
DirectMap4k:       12280 kB
DirectMap4M:      897024 kB


/proc/sys/kernel/threads-max (system-wide limit on the number of threads):
32768


/proc/sys/vm/max_map_count (maximum number of memory map areas a process may have):


/proc/sys/kernel/pid_max (system-wide limit on number of process identifiers):
32768



Steal ticks since vm start: 0
Steal ticks percentage since vm start:  0.000

CPU:total 4 (initial active 4) (4 cores per cpu, 1 threads per core) family 6 model 158 stepping 9, cmov, cx8, fxsr, mmx, sse, sse2, sse3, ssse3, sse4.1, sse4.2, popcnt, avx, avx2, aes, clmul, erms, 3dnowpref, lzcnt, tsc, tscinvbit, bmi1, bmi2, adx, fma
CPU Model and flags from /proc/cpuinfo:
model name	: Intel(R) Core(TM) i5-7300HQ CPU @ 2.50GHz
flags		: fpu vme de pse tsc msr pae mce cx8 apic sep mtrr pge mca cmov pat pse36 clflush dts acpi mmx fxsr sse sse2 ss ht tm pbe syscall nx pdpe1gb rdtscp lm pni pclmulqdq dtes64 monitor ds_cpl vmx est tm2 ssse3 fma cx16 xtpr pdcm pcid sse4_1 sse4_2 x2apic movbe popcnt tsc_deadline_timer aes xsave osxsave avx f16c rdrand lahf_lm abm 3dnowprefetch fsgsbase tsc_adjust bmi1 avx2 smep bmi2 erms invpcid mpx rdseed adx smap clflushopt intel_pt ibrs ibpb stibp ssbd

Memory: 4k page, physical 8247452k(480180k free), swap 15550460k(11919828k free)

vm_info: OpenJDK 64-Bit Server VM (11.0.5+10-post-Ubuntu-0ubuntu1.118.04) for linux-amd64 JRE (11.0.5+10-post-Ubuntu-0ubuntu1.118.04), built on Oct 16 2019 22:01:07 by "buildd" with gcc 7.4.0

END.
